

Microchip MPLAB XC8 Assembler V2.31 build 20201012212115 
                                                                                               Wed Jan 27 20:17:08 2021

Microchip MPLAB XC8 C Compiler v2.31 (Free license) build 20201012212115 Og1 
     1                           	processor	18F27Q43
     2                           	fnconf	rparam,??,?,0
     3                           	pagewidth 120
     4                           	opt	flic
     5                           	psect	cinit,global,reloc=2,class=CODE,delta=1
     6                           	psect	bssCOMRAM,global,class=COMRAM,space=1,delta=1,lowdata,noexec
     7                           	psect	cstackCOMRAM,global,class=COMRAM,space=1,delta=1,lowdata,noexec
     8                           	psect	text0,global,reloc=2,class=CODE,delta=1
     9                           	psect	text1,global,reloc=2,class=CODE,delta=1
    10                           	psect	text2,global,reloc=2,class=CODE,delta=1
    11                           	psect	text3,global,reloc=2,class=CODE,delta=1
    12                           	psect	text4,global,reloc=2,class=CODE,delta=1
    13                           	psect	text5,global,reloc=2,class=CODE,delta=1
    14                           	psect	text6,global,reloc=2,class=CODE,delta=1
    15                           	psect	intsave_regs,global,class=BIGRAM,space=1,delta=1,noexec
    16                           	psect	rparam,global,class=COMRAM,space=1,delta=1,noexec
    17                           	psect	idloc,global,abs,ovrld,class=IDLOC,space=5,delta=1,noexec
    18                           	psect	config,global,abs,ovrld,class=CONFIG,space=4,delta=1,noexec
    19  0000                     
    20                           ; Version 2.32
    21                           ; Generated 19/11/2020 GMT
    22                           ; 
    23                           ; Copyright © 2020, Microchip Technology Inc. and its subsidiaries ("Microchip")
    24                           ; All rights reserved.
    25                           ; 
    26                           ; This software is developed by Microchip Technology Inc. and its subsidiaries ("Microch
      +                          ip").
    27                           ; 
    28                           ; Redistribution and use in source and binary forms, with or without modification, are
    29                           ; permitted provided that the following conditions are met:
    30                           ; 
    31                           ;     1. Redistributions of source code must retain the above copyright notice, this lis
      +                          t of
    32                           ;        conditions and the following disclaimer.
    33                           ; 
    34                           ;     2. Redistributions in binary form must reproduce the above copyright notice, this 
      +                          list
    35                           ;        of conditions and the following disclaimer in the documentation and/or other
    36                           ;        materials provided with the distribution. Publication is not required when
    37                           ;        this file is used in an embedded application.
    38                           ; 
    39                           ;     3. Microchip's name may not be used to endorse or promote products derived from th
      +                          is
    40                           ;        software without specific prior written permission.
    41                           ; 
    42                           ; THIS SOFTWARE IS PROVIDED BY MICROCHIP "AS IS" AND ANY EXPRESS OR IMPLIED WARRANTIES,
    43                           ; INCLUDING, BUT NOT LIMITED TO, THE IMPLIED WARRANTIES OF MERCHANTABILITY AND FITNESS F
      +                          OR
    44                           ; PURPOSE ARE DISCLAIMED.  IN NO EVENT SHALL MICROCHIP BE LIABLE FOR ANY DIRECT, INDIREC
      +                          T,
    45                           ; INCIDENTAL, SPECIAL, EXEMPLARY, OR CONSEQUENTIAL DAMAGES (INCLUDING BUT NOT LIMITED TO
    46                           ; PROCUREMENT OF SUBSTITUTE GOODS OR SERVICES; LOSS OF USE, DATA OR PROFITS; OR BUSINESS
    47                           ; INTERRUPTION) HOWSOEVER CAUSED AND ON ANY THEORY OF LIABILITY, WHETHER IN CONTRACT, ST
      +                          RICT
    48                           ; LIABILITY, OR TORT (INCLUDING NEGLIGENCE OR OTHERWISE) ARISING IN ANY WAY OUT OF THE U
      +                          SE OF
    49                           ; THIS SOFTWARE, EVEN IF ADVISED OF THE POSSIBILITY OF SUCH DAMAGE.
    50                           ; 
    51                           ; 
    52                           ; Code-generator required, PIC18F27Q43 Definitions
    53                           ; 
    54                           ; SFR Addresses
    55  0000                     _ANSELA	set	1024
    56  0000                     _PORTA	set	1230
    57  0000                     _LATA	set	1214
    58  0000                     _TRISA	set	1222
    59                           
    60                           ; #config settings
    61                           
    62                           	psect	cinit
    63  01FF44                     __pcinit:
    64                           	callstack 0
    65  01FF44                     start_initialization:
    66                           	callstack 0
    67  01FF44                     __initialization:
    68                           	callstack 0
    69                           
    70                           ; Clear objects allocated to COMRAM (14 bytes)
    71  01FF44  EE01  F101         	lfsr	0,__pbssCOMRAM
    72  01FF48  0E0E               	movlw	14
    73  01FF4A                     clear_0:
    74  01FF4A  6AEE               	clrf	postinc0,c
    75  01FF4C  06E8               	decf	wreg,f,c
    76  01FF4E  E1FD               	bnz	clear_0
    77  01FF50                     end_of_initialization:
    78                           	callstack 0
    79  01FF50                     __end_of__initialization:
    80                           	callstack 0
    81  01FF50  0100               	movlb	0
    82  01FF52  EFBC  F0FF         	goto	_main	;jump to C main() function
    83                           
    84                           	psect	bssCOMRAM
    85  000501                     __pbssCOMRAM:
    86                           	callstack 0
    87  000501                     _G_u32SystemFlags:
    88                           	callstack 0
    89  000501                     	ds	4
    90  000505                     _G_u32SystemTime1s:
    91                           	callstack 0
    92  000505                     	ds	4
    93  000509                     _G_u32SystemTime1ms:
    94                           	callstack 0
    95  000509                     	ds	4
    96  00050D                     UserAppRun@u8LedCounter:
    97                           	callstack 0
    98  00050D                     	ds	1
    99  00050E                     _G_u8UserAppFlags:
   100                           	callstack 0
   101  00050E                     	ds	1
   102                           
   103                           	psect	cstackCOMRAM
   104  00050F                     __pcstackCOMRAM:
   105                           	callstack 0
   106  00050F                     UserAppRun@u32DelayCounter:
   107                           	callstack 0
   108                           
   109                           ; 4 bytes @ 0x0
   110  00050F                     	ds	4
   111  000513                     UserAppRun@u8Temp:
   112                           	callstack 0
   113                           
   114                           ; 1 bytes @ 0x4
   115  000513                     	ds	1
   116  000514                     
   117                           ; 1 bytes @ 0x5
   118 ;;
   119 ;;Main: autosize = 0, tempsize = 0, incstack = 0, save=0
   120 ;;
   121 ;; *************** function _main *****************
   122 ;; Defined at:
   123 ;;		line 35 in file "main.c"
   124 ;; Parameters:    Size  Location     Type
   125 ;;		None
   126 ;; Auto vars:     Size  Location     Type
   127 ;;		None
   128 ;; Return value:  Size  Location     Type
   129 ;;                  1    wreg      void 
   130 ;; Registers used:
   131 ;;		wreg, status,2, status,0, cstack
   132 ;; Tracked objects:
   133 ;;		On entry : 0/0
   134 ;;		On exit  : 0/0
   135 ;;		Unchanged: 0/0
   136 ;; Data sizes:     COMRAM   BANK5   BANK6   BANK7   BANK8   BANK9  BANK10  BANK11  BANK12  BANK13  BANK14  BANK15  BANK1
      +6  BANK17  BANK18  BANK19  BANK20  BANK21  BANK22  BANK23  BANK24  BANK25  BANK26  BANK27  BANK28  BANK29  BANK30  BANK3
      +1  BANK32  BANK33  BANK34  BANK35  BANK36  BANK37
   137 ;;      Params:         0       0       0       0       0       0       0       0       0       0       0       0       
      +0       0       0       0       0       0       0       0       0       0       0       0       0       0       0       
      +0       0       0       0       0       0       0
   138 ;;      Locals:         0       0       0       0       0       0       0       0       0       0       0       0       
      +0       0       0       0       0       0       0       0       0       0       0       0       0       0       0       
      +0       0       0       0       0       0       0
   139 ;;      Temps:          0       0       0       0       0       0       0       0       0       0       0       0       
      +0       0       0       0       0       0       0       0       0       0       0       0       0       0       0       
      +0       0       0       0       0       0       0
   140 ;;      Totals:         0       0       0       0       0       0       0       0       0       0       0       0       
      +0       0       0       0       0       0       0       0       0       0       0       0       0       0       0       
      +0       0       0       0       0       0       0
   141 ;;Total ram usage:        0 bytes
   142 ;; Hardware stack levels required when called:    1
   143 ;; This function calls:
   144 ;;		_ClockSetup
   145 ;;		_GpioSetup
   146 ;;		_SysTickSetup
   147 ;;		_SystemSleep
   148 ;;		_UserAppInitialize
   149 ;;		_UserAppRun
   150 ;; This function is called by:
   151 ;;		Startup code after reset
   152 ;; This function uses a non-reentrant model
   153 ;;
   154                           
   155                           	psect	text0
   156  01FF78                     __ptext0:
   157                           	callstack 0
   158  01FF78                     _main:
   159                           	callstack 127
   160  01FF78                     
   161                           ;main.c: 37:   G_u32SystemFlags |= (u32)0x80000000;
   162  01FF78  8E04               	bsf	(_G_u32SystemFlags+3)^(0+1280),7,c	;volatile
   163  01FF7A                     
   164                           ;main.c: 40:   ClockSetup();
   165  01FF7A  EC97  F0FF         	call	_ClockSetup	;wreg free
   166  01FF7E                     
   167                           ;main.c: 41:   SysTickSetup();
   168  01FF7E  ECAB  F0FF         	call	_SysTickSetup	;wreg free
   169  01FF82                     
   170                           ;main.c: 42:   GpioSetup();
   171  01FF82  EC9C  F0FF         	call	_GpioSetup	;wreg free
   172  01FF86                     
   173                           ;main.c: 47:   UserAppInitialize();
   174  01FF86  EC99  F0FF         	call	_UserAppInitialize	;wreg free
   175  01FF8A                     l788:
   176                           
   177                           ;main.c: 53:   {;main.c: 57:     UserAppRun();
   178  01FF8A  ECCD  F0FF         	call	_UserAppRun	;wreg free
   179  01FF8E                     
   180                           ;main.c: 62:     SystemSleep();
   181  01FF8E  EC98  F0FF         	call	_SystemSleep	;wreg free
   182  01FF92  EFC5  F0FF         	goto	l788
   183  01FF96  EFFE  F0FF         	goto	start
   184  01FF9A                     __end_of_main:
   185                           	callstack 0
   186                           
   187 ;; *************** function _UserAppRun *****************
   188 ;; Defined at:
   189 ;;		line 96 in file "user_app.c"
   190 ;; Parameters:    Size  Location     Type
   191 ;;		None
   192 ;; Auto vars:     Size  Location     Type
   193 ;;  u32DelayCoun    4    0[COMRAM] unsigned long 
   194 ;;  u8Temp          1    4[COMRAM] unsigned char 
   195 ;; Return value:  Size  Location     Type
   196 ;;                  1    wreg      void 
   197 ;; Registers used:
   198 ;;		wreg, status,2, status,0
   199 ;; Tracked objects:
   200 ;;		On entry : 0/0
   201 ;;		On exit  : 0/0
   202 ;;		Unchanged: 0/0
   203 ;; Data sizes:     COMRAM   BANK5   BANK6   BANK7   BANK8   BANK9  BANK10  BANK11  BANK12  BANK13  BANK14  BANK15  BANK1
      +6  BANK17  BANK18  BANK19  BANK20  BANK21  BANK22  BANK23  BANK24  BANK25  BANK26  BANK27  BANK28  BANK29  BANK30  BANK3
      +1  BANK32  BANK33  BANK34  BANK35  BANK36  BANK37
   204 ;;      Params:         0       0       0       0       0       0       0       0       0       0       0       0       
      +0       0       0       0       0       0       0       0       0       0       0       0       0       0       0       
      +0       0       0       0       0       0       0
   205 ;;      Locals:         5       0       0       0       0       0       0       0       0       0       0       0       
      +0       0       0       0       0       0       0       0       0       0       0       0       0       0       0       
      +0       0       0       0       0       0       0
   206 ;;      Temps:          0       0       0       0       0       0       0       0       0       0       0       0       
      +0       0       0       0       0       0       0       0       0       0       0       0       0       0       0       
      +0       0       0       0       0       0       0
   207 ;;      Totals:         5       0       0       0       0       0       0       0       0       0       0       0       
      +0       0       0       0       0       0       0       0       0       0       0       0       0       0       0       
      +0       0       0       0       0       0       0
   208 ;;Total ram usage:        5 bytes
   209 ;; Hardware stack levels used:    1
   210 ;; This function calls:
   211 ;;		Nothing
   212 ;; This function is called by:
   213 ;;		_main
   214 ;; This function uses a non-reentrant model
   215 ;;
   216                           
   217                           	psect	text1
   218  01FF9A                     __ptext1:
   219                           	callstack 0
   220  01FF9A                     _UserAppRun:
   221                           	callstack 127
   222  01FF9A                     
   223                           ;user_app.c: 98:   static u8 u8LedCounter = 0;;user_app.c: 99:   u8 u8Temp;;user_app.c: 
      +                          100:   u32 u32DelayCounter;;user_app.c: 103:   u8LedCounter++;
   224  01FF9A  2A0D               	incf	UserAppRun@u8LedCounter^(0+1280),f,c
   225  01FF9C                     
   226                           ;user_app.c: 104:   if(u8LedCounter == 0x40)
   227  01FF9C  0E40               	movlw	64
   228  01FF9E  180D               	xorwf	UserAppRun@u8LedCounter^(0+1280),w,c
   229  01FFA0  A4D8               	btfss	status,2,c
   230  01FFA2  EFD5  F0FF         	goto	u11
   231  01FFA6  EFD7  F0FF         	goto	u10
   232  01FFAA                     u11:
   233  01FFAA  EFD9  F0FF         	goto	l752
   234  01FFAE                     u10:
   235  01FFAE                     
   236                           ;user_app.c: 105:   {;user_app.c: 106:     u8LedCounter = 0;
   237  01FFAE  0E00               	movlw	0
   238  01FFB0  6E0D               	movwf	UserAppRun@u8LedCounter^(0+1280),c
   239  01FFB2                     l752:
   240                           
   241                           ;user_app.c: 121:   u8Temp = PORTA;
   242  01FFB2  0061 F338  F513    	movff	1230,UserAppRun@u8Temp	;volatile
   243  01FFB8                     
   244                           ;user_app.c: 122:   u8Temp &= 0xC0;
   245  01FFB8  0EC0               	movlw	192
   246  01FFBA  1613               	andwf	UserAppRun@u8Temp^(0+1280),f,c
   247  01FFBC                     
   248                           ;user_app.c: 123:   u8Temp |= u8LedCounter;
   249  01FFBC  500D               	movf	UserAppRun@u8LedCounter^(0+1280),w,c
   250  01FFBE  1213               	iorwf	UserAppRun@u8Temp^(0+1280),f,c
   251  01FFC0                     
   252                           ;user_app.c: 124:   LATA = u8Temp;
   253  01FFC0  0061  F44C  F4BE   	movff	UserAppRun@u8Temp,1214	;volatile
   254                           
   255                           ;user_app.c: 130:   u32DelayCounter = 333333;
   256  01FFC6  0E15               	movlw	21
   257  01FFC8  6E0F               	movwf	UserAppRun@u32DelayCounter^(0+1280),c
   258  01FFCA  0E16               	movlw	22
   259  01FFCC  6E10               	movwf	(UserAppRun@u32DelayCounter+1)^(0+1280),c
   260  01FFCE  0E05               	movlw	5
   261  01FFD0  6E11               	movwf	(UserAppRun@u32DelayCounter+2)^(0+1280),c
   262  01FFD2  0E00               	movlw	0
   263  01FFD4  6E12               	movwf	(UserAppRun@u32DelayCounter+3)^(0+1280),c
   264                           
   265                           ;user_app.c: 131:   while(u32DelayCounter != 0)
   266  01FFD6  EFF2  F0FF         	goto	l61
   267  01FFDA                     l760:
   268                           
   269                           ;user_app.c: 132:   {;user_app.c: 133:     u32DelayCounter--;
   270  01FFDA  060F               	decf	UserAppRun@u32DelayCounter^(0+1280),f,c
   271  01FFDC  0E00               	movlw	0
   272  01FFDE  5A10               	subwfb	(UserAppRun@u32DelayCounter+1)^(0+1280),f,c
   273  01FFE0  5A11               	subwfb	(UserAppRun@u32DelayCounter+2)^(0+1280),f,c
   274  01FFE2  5A12               	subwfb	(UserAppRun@u32DelayCounter+3)^(0+1280),f,c
   275  01FFE4                     l61:
   276                           
   277                           ;user_app.c: 131:   while(u32DelayCounter != 0)
   278  01FFE4  500F               	movf	UserAppRun@u32DelayCounter^(0+1280),w,c
   279  01FFE6  1010               	iorwf	(UserAppRun@u32DelayCounter+1)^(0+1280),w,c
   280  01FFE8  1011               	iorwf	(UserAppRun@u32DelayCounter+2)^(0+1280),w,c
   281  01FFEA  1012               	iorwf	(UserAppRun@u32DelayCounter+3)^(0+1280),w,c
   282  01FFEC  A4D8               	btfss	status,2,c
   283  01FFEE  EFFB  F0FF         	goto	u21
   284  01FFF2  EFFD  F0FF         	goto	u20
   285  01FFF6                     u21:
   286  01FFF6  EFED  F0FF         	goto	l760
   287  01FFFA                     u20:
   288  01FFFA  0012               	return		;funcret
   289  01FFFC                     __end_of_UserAppRun:
   290                           	callstack 0
   291                           
   292 ;; *************** function _UserAppInitialize *****************
   293 ;; Defined at:
   294 ;;		line 76 in file "user_app.c"
   295 ;; Parameters:    Size  Location     Type
   296 ;;		None
   297 ;; Auto vars:     Size  Location     Type
   298 ;;		None
   299 ;; Return value:  Size  Location     Type
   300 ;;                  1    wreg      void 
   301 ;; Registers used:
   302 ;;		wreg, status,2
   303 ;; Tracked objects:
   304 ;;		On entry : 0/0
   305 ;;		On exit  : 0/0
   306 ;;		Unchanged: 0/0
   307 ;; Data sizes:     COMRAM   BANK5   BANK6   BANK7   BANK8   BANK9  BANK10  BANK11  BANK12  BANK13  BANK14  BANK15  BANK1
      +6  BANK17  BANK18  BANK19  BANK20  BANK21  BANK22  BANK23  BANK24  BANK25  BANK26  BANK27  BANK28  BANK29  BANK30  BANK3
      +1  BANK32  BANK33  BANK34  BANK35  BANK36  BANK37
   308 ;;      Params:         0       0       0       0       0       0       0       0       0       0       0       0       
      +0       0       0       0       0       0       0       0       0       0       0       0       0       0       0       
      +0       0       0       0       0       0       0
   309 ;;      Locals:         0       0       0       0       0       0       0       0       0       0       0       0       
      +0       0       0       0       0       0       0       0       0       0       0       0       0       0       0       
      +0       0       0       0       0       0       0
   310 ;;      Temps:          0       0       0       0       0       0       0       0       0       0       0       0       
      +0       0       0       0       0       0       0       0       0       0       0       0       0       0       0       
      +0       0       0       0       0       0       0
   311 ;;      Totals:         0       0       0       0       0       0       0       0       0       0       0       0       
      +0       0       0       0       0       0       0       0       0       0       0       0       0       0       0       
      +0       0       0       0       0       0       0
   312 ;;Total ram usage:        0 bytes
   313 ;; Hardware stack levels used:    1
   314 ;; This function calls:
   315 ;;		Nothing
   316 ;; This function is called by:
   317 ;;		_main
   318 ;; This function uses a non-reentrant model
   319 ;;
   320                           
   321                           	psect	text2
   322  01FF32                     __ptext2:
   323                           	callstack 0
   324  01FF32                     _UserAppInitialize:
   325                           	callstack 127
   326  01FF32                     
   327                           ;user_app.c: 78:     LATA = 0x80;
   328  01FF32  0E80               	movlw	128
   329  01FF34  6EBE               	movwf	190,c	;volatile
   330  01FF36  0012               	return		;funcret
   331  01FF38                     __end_of_UserAppInitialize:
   332                           	callstack 0
   333                           
   334 ;; *************** function _SystemSleep *****************
   335 ;; Defined at:
   336 ;;		line 131 in file "encm369_pic18.c"
   337 ;; Parameters:    Size  Location     Type
   338 ;;		None
   339 ;; Auto vars:     Size  Location     Type
   340 ;;		None
   341 ;; Return value:  Size  Location     Type
   342 ;;                  1    wreg      void 
   343 ;; Registers used:
   344 ;;		None
   345 ;; Tracked objects:
   346 ;;		On entry : 0/0
   347 ;;		On exit  : 0/0
   348 ;;		Unchanged: 0/0
   349 ;; Data sizes:     COMRAM   BANK5   BANK6   BANK7   BANK8   BANK9  BANK10  BANK11  BANK12  BANK13  BANK14  BANK15  BANK1
      +6  BANK17  BANK18  BANK19  BANK20  BANK21  BANK22  BANK23  BANK24  BANK25  BANK26  BANK27  BANK28  BANK29  BANK30  BANK3
      +1  BANK32  BANK33  BANK34  BANK35  BANK36  BANK37
   350 ;;      Params:         0       0       0       0       0       0       0       0       0       0       0       0       
      +0       0       0       0       0       0       0       0       0       0       0       0       0       0       0       
      +0       0       0       0       0       0       0
   351 ;;      Locals:         0       0       0       0       0       0       0       0       0       0       0       0       
      +0       0       0       0       0       0       0       0       0       0       0       0       0       0       0       
      +0       0       0       0       0       0       0
   352 ;;      Temps:          0       0       0       0       0       0       0       0       0       0       0       0       
      +0       0       0       0       0       0       0       0       0       0       0       0       0       0       0       
      +0       0       0       0       0       0       0
   353 ;;      Totals:         0       0       0       0       0       0       0       0       0       0       0       0       
      +0       0       0       0       0       0       0       0       0       0       0       0       0       0       0       
      +0       0       0       0       0       0       0
   354 ;;Total ram usage:        0 bytes
   355 ;; Hardware stack levels used:    1
   356 ;; This function calls:
   357 ;;		Nothing
   358 ;; This function is called by:
   359 ;;		_main
   360 ;; This function uses a non-reentrant model
   361 ;;
   362                           
   363                           	psect	text3
   364  01FF30                     __ptext3:
   365                           	callstack 0
   366  01FF30                     _SystemSleep:
   367                           	callstack 127
   368  01FF30  0012               	return		;funcret
   369  01FF32                     __end_of_SystemSleep:
   370                           	callstack 0
   371                           
   372 ;; *************** function _SysTickSetup *****************
   373 ;; Defined at:
   374 ;;		line 109 in file "encm369_pic18.c"
   375 ;; Parameters:    Size  Location     Type
   376 ;;		None
   377 ;; Auto vars:     Size  Location     Type
   378 ;;		None
   379 ;; Return value:  Size  Location     Type
   380 ;;                  1    wreg      void 
   381 ;; Registers used:
   382 ;;		wreg, status,2
   383 ;; Tracked objects:
   384 ;;		On entry : 0/0
   385 ;;		On exit  : 0/0
   386 ;;		Unchanged: 0/0
   387 ;; Data sizes:     COMRAM   BANK5   BANK6   BANK7   BANK8   BANK9  BANK10  BANK11  BANK12  BANK13  BANK14  BANK15  BANK1
      +6  BANK17  BANK18  BANK19  BANK20  BANK21  BANK22  BANK23  BANK24  BANK25  BANK26  BANK27  BANK28  BANK29  BANK30  BANK3
      +1  BANK32  BANK33  BANK34  BANK35  BANK36  BANK37
   388 ;;      Params:         0       0       0       0       0       0       0       0       0       0       0       0       
      +0       0       0       0       0       0       0       0       0       0       0       0       0       0       0       
      +0       0       0       0       0       0       0
   389 ;;      Locals:         0       0       0       0       0       0       0       0       0       0       0       0       
      +0       0       0       0       0       0       0       0       0       0       0       0       0       0       0       
      +0       0       0       0       0       0       0
   390 ;;      Temps:          0       0       0       0       0       0       0       0       0       0       0       0       
      +0       0       0       0       0       0       0       0       0       0       0       0       0       0       0       
      +0       0       0       0       0       0       0
   391 ;;      Totals:         0       0       0       0       0       0       0       0       0       0       0       0       
      +0       0       0       0       0       0       0       0       0       0       0       0       0       0       0       
      +0       0       0       0       0       0       0
   392 ;;Total ram usage:        0 bytes
   393 ;; Hardware stack levels used:    1
   394 ;; This function calls:
   395 ;;		Nothing
   396 ;; This function is called by:
   397 ;;		_main
   398 ;; This function uses a non-reentrant model
   399 ;;
   400                           
   401                           	psect	text4
   402  01FF56                     __ptext4:
   403                           	callstack 0
   404  01FF56                     _SysTickSetup:
   405                           	callstack 127
   406  01FF56                     
   407                           ;encm369_pic18.c: 111:   G_u32SystemTime1ms = 0;
   408  01FF56  0E00               	movlw	0
   409  01FF58  6E09               	movwf	_G_u32SystemTime1ms^(0+1280),c	;volatile
   410  01FF5A  0E00               	movlw	0
   411  01FF5C  6E0A               	movwf	(_G_u32SystemTime1ms+1)^(0+1280),c	;volatile
   412  01FF5E  0E00               	movlw	0
   413  01FF60  6E0B               	movwf	(_G_u32SystemTime1ms+2)^(0+1280),c	;volatile
   414  01FF62  0E00               	movlw	0
   415  01FF64  6E0C               	movwf	(_G_u32SystemTime1ms+3)^(0+1280),c	;volatile
   416                           
   417                           ;encm369_pic18.c: 112:   G_u32SystemTime1s = 0;
   418  01FF66  0E00               	movlw	0
   419  01FF68  6E05               	movwf	_G_u32SystemTime1s^(0+1280),c	;volatile
   420  01FF6A  0E00               	movlw	0
   421  01FF6C  6E06               	movwf	(_G_u32SystemTime1s+1)^(0+1280),c	;volatile
   422  01FF6E  0E00               	movlw	0
   423  01FF70  6E07               	movwf	(_G_u32SystemTime1s+2)^(0+1280),c	;volatile
   424  01FF72  0E00               	movlw	0
   425  01FF74  6E08               	movwf	(_G_u32SystemTime1s+3)^(0+1280),c	;volatile
   426  01FF76  0012               	return		;funcret
   427  01FF78                     __end_of_SysTickSetup:
   428                           	callstack 0
   429                           
   430 ;; *************** function _GpioSetup *****************
   431 ;; Defined at:
   432 ;;		line 89 in file "encm369_pic18.c"
   433 ;; Parameters:    Size  Location     Type
   434 ;;		None
   435 ;; Auto vars:     Size  Location     Type
   436 ;;		None
   437 ;; Return value:  Size  Location     Type
   438 ;;                  1    wreg      void 
   439 ;; Registers used:
   440 ;;		wreg, status,2
   441 ;; Tracked objects:
   442 ;;		On entry : 0/0
   443 ;;		On exit  : 0/0
   444 ;;		Unchanged: 0/0
   445 ;; Data sizes:     COMRAM   BANK5   BANK6   BANK7   BANK8   BANK9  BANK10  BANK11  BANK12  BANK13  BANK14  BANK15  BANK1
      +6  BANK17  BANK18  BANK19  BANK20  BANK21  BANK22  BANK23  BANK24  BANK25  BANK26  BANK27  BANK28  BANK29  BANK30  BANK3
      +1  BANK32  BANK33  BANK34  BANK35  BANK36  BANK37
   446 ;;      Params:         0       0       0       0       0       0       0       0       0       0       0       0       
      +0       0       0       0       0       0       0       0       0       0       0       0       0       0       0       
      +0       0       0       0       0       0       0
   447 ;;      Locals:         0       0       0       0       0       0       0       0       0       0       0       0       
      +0       0       0       0       0       0       0       0       0       0       0       0       0       0       0       
      +0       0       0       0       0       0       0
   448 ;;      Temps:          0       0       0       0       0       0       0       0       0       0       0       0       
      +0       0       0       0       0       0       0       0       0       0       0       0       0       0       0       
      +0       0       0       0       0       0       0
   449 ;;      Totals:         0       0       0       0       0       0       0       0       0       0       0       0       
      +0       0       0       0       0       0       0       0       0       0       0       0       0       0       0       
      +0       0       0       0       0       0       0
   450 ;;Total ram usage:        0 bytes
   451 ;; Hardware stack levels used:    1
   452 ;; This function calls:
   453 ;;		Nothing
   454 ;; This function is called by:
   455 ;;		_main
   456 ;; This function uses a non-reentrant model
   457 ;;
   458                           
   459                           	psect	text5
   460  01FF38                     __ptext5:
   461                           	callstack 0
   462  01FF38                     _GpioSetup:
   463                           	callstack 127
   464  01FF38                     
   465                           ;encm369_pic18.c: 91:   ANSELA = 0x00;
   466  01FF38  0E00               	movlw	0
   467  01FF3A  0104               	movlb	4	; () banked
   468  01FF3C  6F00               	movwf	0,b	;volatile
   469                           
   470                           ;encm369_pic18.c: 92:   TRISA = 0x00;
   471  01FF3E  0E00               	movlw	0
   472  01FF40  6EC6               	movwf	198,c	;volatile
   473  01FF42                     
   474                           ; BSR set to: 4
   475  01FF42  0012               	return		;funcret
   476  01FF44                     __end_of_GpioSetup:
   477                           	callstack 0
   478                           
   479 ;; *************** function _ClockSetup *****************
   480 ;; Defined at:
   481 ;;		line 70 in file "encm369_pic18.c"
   482 ;; Parameters:    Size  Location     Type
   483 ;;		None
   484 ;; Auto vars:     Size  Location     Type
   485 ;;		None
   486 ;; Return value:  Size  Location     Type
   487 ;;                  1    wreg      void 
   488 ;; Registers used:
   489 ;;		None
   490 ;; Tracked objects:
   491 ;;		On entry : 0/0
   492 ;;		On exit  : 0/0
   493 ;;		Unchanged: 0/0
   494 ;; Data sizes:     COMRAM   BANK5   BANK6   BANK7   BANK8   BANK9  BANK10  BANK11  BANK12  BANK13  BANK14  BANK15  BANK1
      +6  BANK17  BANK18  BANK19  BANK20  BANK21  BANK22  BANK23  BANK24  BANK25  BANK26  BANK27  BANK28  BANK29  BANK30  BANK3
      +1  BANK32  BANK33  BANK34  BANK35  BANK36  BANK37
   495 ;;      Params:         0       0       0       0       0       0       0       0       0       0       0       0       
      +0       0       0       0       0       0       0       0       0       0       0       0       0       0       0       
      +0       0       0       0       0       0       0
   496 ;;      Locals:         0       0       0       0       0       0       0       0       0       0       0       0       
      +0       0       0       0       0       0       0       0       0       0       0       0       0       0       0       
      +0       0       0       0       0       0       0
   497 ;;      Temps:          0       0       0       0       0       0       0       0       0       0       0       0       
      +0       0       0       0       0       0       0       0       0       0       0       0       0       0       0       
      +0       0       0       0       0       0       0
   498 ;;      Totals:         0       0       0       0       0       0       0       0       0       0       0       0       
      +0       0       0       0       0       0       0       0       0       0       0       0       0       0       0       
      +0       0       0       0       0       0       0
   499 ;;Total ram usage:        0 bytes
   500 ;; Hardware stack levels used:    1
   501 ;; This function calls:
   502 ;;		Nothing
   503 ;; This function is called by:
   504 ;;		_main
   505 ;; This function uses a non-reentrant model
   506 ;;
   507                           
   508                           	psect	text6
   509  01FF2E                     __ptext6:
   510                           	callstack 0
   511  01FF2E                     _ClockSetup:
   512                           	callstack 127
   513  01FF2E  0012               	return		;funcret
   514  01FF30                     __end_of_ClockSetup:
   515                           	callstack 0
   516  0000                     
   517                           	psect	rparam
   518  0000                     
   519                           	psect	idloc
   520                           
   521                           ;Config register IDLOC0 @ 0x200000
   522                           ;	unspecified, using default values
   523  200000                     	org	2097152
   524  200000  0FFF               	dw	4095
   525                           
   526                           ;Config register IDLOC1 @ 0x200002
   527                           ;	unspecified, using default values
   528  200002                     	org	2097154
   529  200002  0FFF               	dw	4095
   530                           
   531                           ;Config register IDLOC2 @ 0x200004
   532                           ;	unspecified, using default values
   533  200004                     	org	2097156
   534  200004  0FFF               	dw	4095
   535                           
   536                           ;Config register IDLOC3 @ 0x200006
   537                           ;	unspecified, using default values
   538  200006                     	org	2097158
   539  200006  0FFF               	dw	4095
   540                           
   541                           ;Config register IDLOC4 @ 0x200008
   542                           ;	unspecified, using default values
   543  200008                     	org	2097160
   544  200008  0FFF               	dw	4095
   545                           
   546                           ;Config register IDLOC5 @ 0x20000A
   547                           ;	unspecified, using default values
   548  20000A                     	org	2097162
   549  20000A  0FFF               	dw	4095
   550                           
   551                           ;Config register IDLOC6 @ 0x20000C
   552                           ;	unspecified, using default values
   553  20000C                     	org	2097164
   554  20000C  0FFF               	dw	4095
   555                           
   556                           ;Config register IDLOC7 @ 0x20000E
   557                           ;	unspecified, using default values
   558  20000E                     	org	2097166
   559  20000E  0FFF               	dw	4095
   560                           
   561                           ;Config register IDLOC8 @ 0x200010
   562                           ;	unspecified, using default values
   563  200010                     	org	2097168
   564  200010  0FFF               	dw	4095
   565                           
   566                           ;Config register IDLOC9 @ 0x200012
   567                           ;	unspecified, using default values
   568  200012                     	org	2097170
   569  200012  0FFF               	dw	4095
   570                           
   571                           ;Config register IDLOC10 @ 0x200014
   572                           ;	unspecified, using default values
   573  200014                     	org	2097172
   574  200014  0FFF               	dw	4095
   575                           
   576                           ;Config register IDLOC11 @ 0x200016
   577                           ;	unspecified, using default values
   578  200016                     	org	2097174
   579  200016  0FFF               	dw	4095
   580                           
   581                           ;Config register IDLOC12 @ 0x200018
   582                           ;	unspecified, using default values
   583  200018                     	org	2097176
   584  200018  0FFF               	dw	4095
   585                           
   586                           ;Config register IDLOC13 @ 0x20001A
   587                           ;	unspecified, using default values
   588  20001A                     	org	2097178
   589  20001A  0FFF               	dw	4095
   590                           
   591                           ;Config register IDLOC14 @ 0x20001C
   592                           ;	unspecified, using default values
   593  20001C                     	org	2097180
   594  20001C  0FFF               	dw	4095
   595                           
   596                           ;Config register IDLOC15 @ 0x20001E
   597                           ;	unspecified, using default values
   598  20001E                     	org	2097182
   599  20001E  0FFF               	dw	4095
   600                           
   601                           	psect	config
   602                           
   603                           ;Config register CONFIG1 @ 0x300000
   604                           ;	External Oscillator Selection
   605                           ;	FEXTOSC = OFF, Oscillator not enabled
   606                           ;	Reset Oscillator Selection
   607                           ;	RSTOSC = HFINTOSC_64MHZ, HFINTOSC with HFFRQ = 64 MHz and CDIV = 1:1
   608  300000                     	org	3145728
   609  300000  8C                 	db	140
   610                           
   611                           ;Config register CONFIG2 @ 0x300001
   612                           ;	Clock out Enable bit
   613                           ;	CLKOUTEN = ON, CLKOUT function is enabled
   614                           ;	PRLOCKED One-Way Set Enable bit
   615                           ;	PR1WAY = ON, PRLOCKED bit can be cleared and set only once
   616                           ;	Clock Switch Enable bit
   617                           ;	CSWEN = ON, Writing to NOSC and NDIV is allowed
   618                           ;	Fail-Safe Clock Monitor Enable bit
   619                           ;	FCMEN = ON, Fail-Safe Clock Monitor enabled
   620  300001                     	org	3145729
   621  300001  FE                 	db	254
   622                           
   623                           ;Config register CONFIG3 @ 0x300002
   624                           ;	MCLR Enable bit
   625                           ;	MCLRE = EXTMCLR, If LVP = 0, MCLR pin is MCLR; If LVP = 1, RE3 pin function is MCLR
   626                           ;	Power-up timer selection bits
   627                           ;	PWRTS = PWRT_OFF, PWRT is disabled
   628                           ;	Multi-vector enable bit
   629                           ;	MVECEN = ON, Multi-vector enabled, Vector table used for interrupts
   630                           ;	IVTLOCK bit One-way set enable bit
   631                           ;	IVT1WAY = ON, IVTLOCKED bit can be cleared and set only once
   632                           ;	Low Power BOR Enable bit
   633                           ;	LPBOREN = OFF, Low-Power BOR disabled
   634                           ;	Brown-out Reset Enable bits
   635                           ;	BOREN = SBORDIS, Brown-out Reset enabled , SBOREN bit is ignored
   636  300002                     	org	3145730
   637  300002  FF                 	db	255
   638                           
   639                           ;Config register CONFIG4 @ 0x300003
   640                           ;	Brown-out Reset Voltage Selection bits
   641                           ;	BORV = VBOR_2P85, Brown-out Reset Voltage (VBOR) set to 2.8V
   642                           ;	ZCD Disable bit
   643                           ;	ZCD = OFF, ZCD module is disabled. ZCD can be enabled by setting the ZCDSEN bit of ZCD
      +                          CON
   644                           ;	PPSLOCK bit One-Way Set Enable bit
   645                           ;	PPS1WAY = ON, PPSLOCKED bit can be cleared and set only once; PPS registers remain loc
      +                          ked after one clear/set cycle
   646                           ;	Stack Full/Underflow Reset Enable bit
   647                           ;	STVREN = ON, Stack full/underflow will cause Reset
   648                           ;	Low Voltage Programming Enable bit
   649                           ;	LVP = ON, Low voltage programming enabled. MCLR/VPP pin function is MCLR. MCLRE config
      +                          uration bit is ignored
   650                           ;	Extended Instruction Set Enable bit
   651                           ;	XINST = OFF, Extended Instruction Set and Indexed Addressing Mode disabled
   652  300003                     	org	3145731
   653  300003  FC                 	db	252
   654                           
   655                           ;Config register CONFIG5 @ 0x300004
   656                           ;	WDT Period selection bits
   657                           ;	WDTCPS = WDTCPS_31, Divider ratio 1:65536; software control of WDTPS
   658                           ;	WDT operating mode
   659                           ;	WDTE = OFF, WDT Disabled; SWDTEN is ignored
   660  300004                     	org	3145732
   661  300004  9F                 	db	159
   662                           
   663                           ;Config register CONFIG6 @ 0x300005
   664                           ;	WDT Window Select bits
   665                           ;	WDTCWS = WDTCWS_7, window always open (100%); software control; keyed access not requi
      +                          red
   666                           ;	WDT input clock selector
   667                           ;	WDTCCS = SC, Software Control
   668  300005                     	org	3145733
   669  300005  FF                 	db	255
   670                           
   671                           ;Config register CONFIG7 @ 0x300006
   672                           ;	Boot Block Size selection bits
   673                           ;	BBSIZE = BBSIZE_512, Boot Block size is 512 words
   674                           ;	Boot Block enable bit
   675                           ;	BBEN = OFF, Boot block disabled
   676                           ;	Storage Area Flash enable bit
   677                           ;	SAFEN = OFF, SAF disabled
   678                           ;	Background Debugger
   679                           ;	DEBUG = OFF, Background Debugger disabled
   680  300006                     	org	3145734
   681  300006  FF                 	db	255
   682                           
   683                           ;Config register CONFIG8 @ 0x300007
   684                           ;	Boot Block Write Protection bit
   685                           ;	WRTB = OFF, Boot Block not Write protected
   686                           ;	Configuration Register Write Protection bit
   687                           ;	WRTC = OFF, Configuration registers not Write protected
   688                           ;	Data EEPROM Write Protection bit
   689                           ;	WRTD = OFF, Data EEPROM not Write protected
   690                           ;	SAF Write protection bit
   691                           ;	WRTSAF = OFF, SAF not Write Protected
   692                           ;	Application Block write protection bit
   693                           ;	WRTAPP = OFF, Application Block not write protected
   694  300007                     	org	3145735
   695  300007  FF                 	db	255
   696                           
   697                           ; Padding undefined space
   698  300008                     	org	3145736
   699  300008  FF                 	db	255
   700                           
   701                           ;Config register CONFIG10 @ 0x300009
   702                           ;	PFM and Data EEPROM Code Protection bit
   703                           ;	CP = OFF, PFM and Data EEPROM code protection disabled
   704  300009                     	org	3145737
   705  300009  FF                 	db	255
   706                           tosu	equ	0x4FF
   707                           tosh	equ	0x4FE
   708                           tosl	equ	0x4FD
   709                           stkptr	equ	0x4FC
   710                           pclatu	equ	0x4FB
   711                           pclath	equ	0x4FA
   712                           pcl	equ	0x4F9
   713                           tblptru	equ	0x4F8
   714                           tblptrh	equ	0x4F7
   715                           tblptrl	equ	0x4F6
   716                           tablat	equ	0x4F5
   717                           prodh	equ	0x4F4
   718                           prodl	equ	0x4F3
   719                           indf0	equ	0x4EF
   720                           postinc0	equ	0x4EE
   721                           postdec0	equ	0x4ED
   722                           preinc0	equ	0x4EC
   723                           plusw0	equ	0x4EB
   724                           fsr0h	equ	0x4EA
   725                           fsr0l	equ	0x4E9
   726                           wreg	equ	0x4E8
   727                           indf1	equ	0x4E7
   728                           postinc1	equ	0x4E6
   729                           postdec1	equ	0x4E5
   730                           preinc1	equ	0x4E4
   731                           plusw1	equ	0x4E3
   732                           fsr1h	equ	0x4E2
   733                           fsr1l	equ	0x4E1
   734                           bsr	equ	0x4E0
   735                           indf2	equ	0x4DF
   736                           postinc2	equ	0x4DE
   737                           postdec2	equ	0x4DD
   738                           preinc2	equ	0x4DC
   739                           plusw2	equ	0x4DB
   740                           fsr2h	equ	0x4DA
   741                           fsr2l	equ	0x4D9
   742                           status	equ	0x4D8

Data Sizes:
    Strings     0
    Constant    0
    Data        0
    BSS         14
    Persistent  0
    Stack       0

Auto Spaces:
    Space          Size  Autos    Used
    COMRAM           95      5      19
    BANK5           160      0       0
    BANK6           256      0       0
    BANK7           256      0       0
    BANK8           256      0       0
    BANK9           256      0       0
    BANK10          256      0       0
    BANK11          256      0       0
    BANK12          256      0       0
    BANK13          256      0       0
    BANK14          256      0       0
    BANK15          256      0       0
    BANK16          256      0       0
    BANK17          256      0       0
    BANK18          256      0       0
    BANK19          256      0       0
    BANK20          256      0       0
    BANK21          256      0       0
    BANK22          256      0       0
    BANK23          256      0       0
    BANK24          256      0       0
    BANK25          256      0       0
    BANK26          256      0       0
    BANK27          256      0       0
    BANK28          256      0       0
    BANK29          256      0       0
    BANK30          256      0       0
    BANK31          256      0       0
    BANK32          256      0       0
    BANK33          256      0       0
    BANK34          256      0       0
    BANK35          256      0       0
    BANK36          256      0       0
    BANK37          256      0       0

Pointer List with Targets:

    None.

Critical Paths under _main in COMRAM

    _main->_UserAppRun

Critical Paths under _main in BANK5

    None.

Critical Paths under _main in BANK6

    None.

Critical Paths under _main in BANK7

    None.

Critical Paths under _main in BANK8

    None.

Critical Paths under _main in BANK9

    None.

Critical Paths under _main in BANK10

    None.

Critical Paths under _main in BANK11

    None.

Critical Paths under _main in BANK12

    None.

Critical Paths under _main in BANK13

    None.

Critical Paths under _main in BANK14

    None.

Critical Paths under _main in BANK15

    None.

Critical Paths under _main in BANK16

    None.

Critical Paths under _main in BANK17

    None.

Critical Paths under _main in BANK18

    None.

Critical Paths under _main in BANK19

    None.

Critical Paths under _main in BANK20

    None.

Critical Paths under _main in BANK21

    None.

Critical Paths under _main in BANK22

    None.

Critical Paths under _main in BANK23

    None.

Critical Paths under _main in BANK24

    None.

Critical Paths under _main in BANK25

    None.

Critical Paths under _main in BANK26

    None.

Critical Paths under _main in BANK27

    None.

Critical Paths under _main in BANK28

    None.

Critical Paths under _main in BANK29

    None.

Critical Paths under _main in BANK30

    None.

Critical Paths under _main in BANK31

    None.

Critical Paths under _main in BANK32

    None.

Critical Paths under _main in BANK33

    None.

Critical Paths under _main in BANK34

    None.

Critical Paths under _main in BANK35

    None.

Critical Paths under _main in BANK36

    None.

Critical Paths under _main in BANK37

    None.

Call Graph Tables:

 ---------------------------------------------------------------------------------
 (Depth) Function   	        Calls       Base Space   Used Autos Params    Refs
 ---------------------------------------------------------------------------------
 (0) _main                                                 0     0      0      30
                         _ClockSetup
                          _GpioSetup
                       _SysTickSetup
                        _SystemSleep
                  _UserAppInitialize
                         _UserAppRun
 ---------------------------------------------------------------------------------
 (1) _UserAppRun                                           5     5      0      30
                                              0 COMRAM     5     5      0
 ---------------------------------------------------------------------------------
 (1) _UserAppInitialize                                    0     0      0       0
 ---------------------------------------------------------------------------------
 (1) _SystemSleep                                          0     0      0       0
 ---------------------------------------------------------------------------------
 (1) _SysTickSetup                                         0     0      0       0
 ---------------------------------------------------------------------------------
 (1) _GpioSetup                                            0     0      0       0
 ---------------------------------------------------------------------------------
 (1) _ClockSetup                                           0     0      0       0
 ---------------------------------------------------------------------------------
 Estimated maximum stack depth 1
 ---------------------------------------------------------------------------------

 Call Graph Graphs:

 _main (ROOT)
   _ClockSetup
   _GpioSetup
   _SysTickSetup
   _SystemSleep
   _UserAppInitialize
   _UserAppRun

 Address spaces:
Name               Size   Autos  Total    Cost      Usage
BIGRAM            20FF      0       0      71        0.0%
EEDATA             400      0       0       0        0.0%
BITBANK37          100      0       0      70        0.0%
BANK37             100      0       0      68        0.0%
BITBANK36          100      0       0      66        0.0%
BANK36             100      0       0      67        0.0%
BITBANK35          100      0       0      64        0.0%
BANK35             100      0       0      65        0.0%
BITBANK34          100      0       0      62        0.0%
BANK34             100      0       0      63        0.0%
BITBANK33          100      0       0      60        0.0%
BANK33             100      0       0      61        0.0%
BITBANK32          100      0       0      58        0.0%
BANK32             100      0       0      59        0.0%
BITBANK31          100      0       0      56        0.0%
BANK31             100      0       0      57        0.0%
BITBANK30          100      0       0      54        0.0%
BANK30             100      0       0      55        0.0%
BITBANK29          100      0       0      52        0.0%
BANK29             100      0       0      53        0.0%
BITBANK28          100      0       0      50        0.0%
BANK28             100      0       0      51        0.0%
BITBANK27          100      0       0      48        0.0%
BANK27             100      0       0      49        0.0%
BITBANK26          100      0       0      46        0.0%
BANK26             100      0       0      47        0.0%
BITBANK25          100      0       0      44        0.0%
BANK25             100      0       0      45        0.0%
BITBANK24          100      0       0      42        0.0%
BANK24             100      0       0      43        0.0%
BITBANK23          100      0       0      40        0.0%
BANK23             100      0       0      41        0.0%
BITBANK22          100      0       0      38        0.0%
BANK22             100      0       0      39        0.0%
BITBANK21          100      0       0      36        0.0%
BANK21             100      0       0      37        0.0%
BITBANK20          100      0       0      34        0.0%
BANK20             100      0       0      35        0.0%
BITBANK19          100      0       0      32        0.0%
BANK19             100      0       0      33        0.0%
BITBANK18          100      0       0      30        0.0%
BANK18             100      0       0      31        0.0%
BITBANK17          100      0       0      28        0.0%
BANK17             100      0       0      29        0.0%
BITBANK16          100      0       0      26        0.0%
BANK16             100      0       0      27        0.0%
BITBANK15          100      0       0      24        0.0%
BANK15             100      0       0      25        0.0%
BITBANK14          100      0       0      22        0.0%
BANK14             100      0       0      23        0.0%
BITBANK13          100      0       0      20        0.0%
BANK13             100      0       0      21        0.0%
BITBANK12          100      0       0      18        0.0%
BANK12             100      0       0      19        0.0%
BITBANK11          100      0       0      16        0.0%
BANK11             100      0       0      17        0.0%
BITBANK10          100      0       0      14        0.0%
BANK10             100      0       0      15        0.0%
BITBANK9           100      0       0      12        0.0%
BANK9              100      0       0      13        0.0%
BITBANK8           100      0       0      10        0.0%
BANK8              100      0       0      11        0.0%
BITBANK7           100      0       0       8        0.0%
BANK7              100      0       0       9        0.0%
BITBANK6           100      0       0       6        0.0%
BANK6              100      0       0       7        0.0%
BITBANK5            A0      0       0       4        0.0%
BANK5               A0      0       0       5        0.0%
BITCOMRAM           5F      0       0       0        0.0%
COMRAM              5F      5      13       1       20.0%
BITSFR_5             0      0       0     200        0.0%
SFR_5                0      0       0     200        0.0%
BITSFR_4             0      0       0     200        0.0%
SFR_4                0      0       0     200        0.0%
BITSFR_3             0      0       0     200        0.0%
SFR_3                0      0       0     200        0.0%
BITSFR_2             0      0       0     200        0.0%
SFR_2                0      0       0     200        0.0%
BITSFR_1             0      0       0     200        0.0%
SFR_1                0      0       0     200        0.0%
BITSFR               0      0       0     200        0.0%
SFR                  0      0       0     200        0.0%
STACK                0      0       0       2        0.0%
NULL                 0      0       0       0        0.0%
ABS                  0      0      13      69        0.0%
DATA                 0      0      13       3        0.0%
CODE                 0      0       0       0        0.0%


Microchip Technology PIC18 Macro Assembler V2.31 build 20201012212115 
Symbol Table                                                                                   Wed Jan 27 20:17:08 2021

     __size_of_SysTickSetup 0022                          l11 FF2E                          l20 FF30  
                        l14 FF42                          l17 FF76                          l61 FFE4  
                        l55 FF36                          l64 FFFA                          u10 FFAE  
                        u11 FFAA                          u20 FFFA                          u21 FFF6  
                       l740 FF38                         l750 FFAE                         l744 FF32  
                       l760 FFDA                         l752 FFB2                         l754 FFB8  
                       l746 FF9A                         l756 FFBC                         l748 FF9C  
                       l780 FF7A                         l758 FFC0                         l790 FF8E  
                       l782 FF7E                         l776 FF56                         l784 FF82  
                       l786 FF86                         l778 FF78                         l788 FF8A  
                       wreg 0004E8                        _LATA 0004BE                        _main FF78  
              _SysTickSetup FF56                        start FFFC        __size_of_SystemSleep 0002  
              ___param_bank 000000                  _ClockSetup FF2E                       ?_main 050F  
                     _PORTA 0004CE                       _TRISA 0004C6                       status 0004D8  
           __initialization FF44                __end_of_main FF9A                      ??_main 0514  
             __activetblptr 000000                      _ANSELA 000400          __size_of_GpioSetup 000C  
               ?_ClockSetup 050F                      clear_0 FF4A                  _UserAppRun FF9A  
                __accesstop 0560     __end_of__initialization FF50               ___rparam_used 000001  
          _G_u8UserAppFlags 050E              __pcstackCOMRAM 050F           __end_of_GpioSetup FF44  
       __size_of_ClockSetup 0002                 ?_UserAppRun 050F               ??_SystemSleep 050F  
                   __Hparam 0000                     __Lparam 0000                     __pcinit FF44  
                   __ramtop 2600                     __ptext0 FF78                     __ptext1 FF9A  
                   __ptext2 FF32                     __ptext3 FF30                     __ptext4 FF56  
                   __ptext5 FF38                     __ptext6 FF2E      UserAppRun@u8LedCounter 050D  
      end_of_initialization FF50            _G_u32SystemFlags 0501                     postinc0 0004EE  
       __end_of_SystemSleep FF32                ??_ClockSetup 050F         __size_of_UserAppRun 0062  
        __end_of_ClockSetup FF30                   _GpioSetup FF38         start_initialization FF44  
             ?_SysTickSetup 050F                 _SystemSleep FF30                  ?_GpioSetup 050F  
               __pbssCOMRAM 0501           _UserAppInitialize FF32                ??_UserAppRun 050F  
        ?_UserAppInitialize 050F              ??_SysTickSetup 050F         ??_UserAppInitialize 050F  
        __end_of_UserAppRun FFFC   __end_of_UserAppInitialize FF38                 ??_GpioSetup 050F  
                  __Hrparam 0000                    __Lrparam 0000   UserAppRun@u32DelayCounter 050F  
      __end_of_SysTickSetup FF78  __size_of_UserAppInitialize 0006            UserAppRun@u8Temp 0513  
             __size_of_main 0022                ?_SystemSleep 050F          _G_u32SystemTime1ms 0509  
         _G_u32SystemTime1s 0505  
