

Microchip MPLAB XC8 Assembler V2.31 build 20201012212115 
                                                                                               Thu Mar 04 20:13:51 2021

Microchip MPLAB XC8 C Compiler v2.31 (Free license) build 20201012212115 Og1 
     1                           	processor	18F27Q43
     2                           	fnconf	rparam,??,?,0
     3                           	pagewidth 120
     4                           	opt	flic
     5                           	psect	idataCOMRAM,global,class=CODE,delta=1,noexec
     6                           	psect	idataBANK6,global,class=CODE,delta=1,noexec
     7                           	psect	cinit,global,reloc=2,class=CODE,delta=1
     8                           	psect	bssCOMRAM,global,class=COMRAM,space=1,delta=1,lowdata,noexec
     9                           	psect	dataCOMRAM,global,class=COMRAM,space=1,delta=1,lowdata,noexec
    10                           	psect	dataBANK6,global,class=BANK6,space=1,delta=1,lowdata,noexec
    11                           	psect	cstackCOMRAM,global,class=COMRAM,space=1,delta=1,lowdata,noexec
    12                           	psect	text0,global,reloc=2,class=CODE,delta=1
    13                           	psect	text1,global,reloc=2,class=CODE,delta=1
    14                           	psect	text2,global,reloc=2,class=CODE,delta=1
    15                           	psect	text3,global,reloc=2,class=CODE,delta=1
    16                           	psect	text4,global,reloc=2,class=CODE,delta=1
    17                           	psect	text5,global,reloc=2,class=CODE,delta=1
    18                           	psect	intsave_regs,global,class=BIGRAM,space=1,delta=1,noexec
    19                           	psect	rparam,global,class=COMRAM,space=1,delta=1,noexec
    20                           	psect	idloc,global,abs,ovrld,class=IDLOC,space=5,delta=1,noexec
    21                           	psect	config,global,abs,ovrld,class=CONFIG,space=4,delta=1,noexec
    22  0000                     
    23                           ; Version 2.32
    24                           ; Generated 19/11/2020 GMT
    25                           ; 
    26                           ; Copyright © 2020, Microchip Technology Inc. and its subsidiaries ("Microchip")
    27                           ; All rights reserved.
    28                           ; 
    29                           ; This software is developed by Microchip Technology Inc. and its subsidiaries ("Microch
      +                          ip").
    30                           ; 
    31                           ; Redistribution and use in source and binary forms, with or without modification, are
    32                           ; permitted provided that the following conditions are met:
    33                           ; 
    34                           ;     1. Redistributions of source code must retain the above copyright notice, this lis
      +                          t of
    35                           ;        conditions and the following disclaimer.
    36                           ; 
    37                           ;     2. Redistributions in binary form must reproduce the above copyright notice, this 
      +                          list
    38                           ;        of conditions and the following disclaimer in the documentation and/or other
    39                           ;        materials provided with the distribution. Publication is not required when
    40                           ;        this file is used in an embedded application.
    41                           ; 
    42                           ;     3. Microchip's name may not be used to endorse or promote products derived from th
      +                          is
    43                           ;        software without specific prior written permission.
    44                           ; 
    45                           ; THIS SOFTWARE IS PROVIDED BY MICROCHIP "AS IS" AND ANY EXPRESS OR IMPLIED WARRANTIES,
    46                           ; INCLUDING, BUT NOT LIMITED TO, THE IMPLIED WARRANTIES OF MERCHANTABILITY AND FITNESS F
      +                          OR
    47                           ; PURPOSE ARE DISCLAIMED.  IN NO EVENT SHALL MICROCHIP BE LIABLE FOR ANY DIRECT, INDIREC
      +                          T,
    48                           ; INCIDENTAL, SPECIAL, EXEMPLARY, OR CONSEQUENTIAL DAMAGES (INCLUDING BUT NOT LIMITED TO
    49                           ; PROCUREMENT OF SUBSTITUTE GOODS OR SERVICES; LOSS OF USE, DATA OR PROFITS; OR BUSINESS
    50                           ; INTERRUPTION) HOWSOEVER CAUSED AND ON ANY THEORY OF LIABILITY, WHETHER IN CONTRACT, ST
      +                          RICT
    51                           ; LIABILITY, OR TORT (INCLUDING NEGLIGENCE OR OTHERWISE) ARISING IN ANY WAY OUT OF THE U
      +                          SE OF
    52                           ; THIS SOFTWARE, EVEN IF ADVISED OF THE POSSIBILITY OF SUCH DAMAGE.
    53                           ; 
    54                           ; 
    55                           ; Code-generator required, PIC18F27Q43 Definitions
    56                           ; 
    57                           ; SFR Addresses
    58  0000                     
    59                           	psect	idataCOMRAM
    60  01FE0F                     __pidataCOMRAM:
    61                           	callstack 0
    62                           
    63                           ;initializer for UserAppRun@bDirectionUp
    64  01FE0F  01                 	db	1
    65                           
    66                           	psect	idataBANK6
    67  01FEFC                     __pidataBANK6:
    68                           	callstack 0
    69                           
    70                           ;initializer for _UserApp_au8sinTable
    71  01FEFC  80                 	db	128
    72  01FEFD  83                 	db	131
    73  01FEFE  86                 	db	134
    74  01FEFF  89                 	db	137
    75  01FF00  8C                 	db	140
    76  01FF01  8F                 	db	143
    77  01FF02  92                 	db	146
    78  01FF03  95                 	db	149
    79  01FF04  98                 	db	152
    80  01FF05  9B                 	db	155
    81  01FF06  9E                 	db	158
    82  01FF07  A2                 	db	162
    83  01FF08  A5                 	db	165
    84  01FF09  A7                 	db	167
    85  01FF0A  AA                 	db	170
    86  01FF0B  AD                 	db	173
    87  01FF0C  B0                 	db	176
    88  01FF0D  B3                 	db	179
    89  01FF0E  B6                 	db	182
    90  01FF0F  B9                 	db	185
    91  01FF10  BC                 	db	188
    92  01FF11  BE                 	db	190
    93  01FF12  C1                 	db	193
    94  01FF13  C4                 	db	196
    95  01FF14  C6                 	db	198
    96  01FF15  C9                 	db	201
    97  01FF16  CB                 	db	203
    98  01FF17  CE                 	db	206
    99  01FF18  D0                 	db	208
   100  01FF19  D3                 	db	211
   101  01FF1A  D5                 	db	213
   102  01FF1B  D7                 	db	215
   103  01FF1C  DA                 	db	218
   104  01FF1D  DC                 	db	220
   105  01FF1E  DE                 	db	222
   106  01FF1F  E0                 	db	224
   107  01FF20  E2                 	db	226
   108  01FF21  E4                 	db	228
   109  01FF22  E6                 	db	230
   110  01FF23  E8                 	db	232
   111  01FF24  EA                 	db	234
   112  01FF25  EB                 	db	235
   113  01FF26  ED                 	db	237
   114  01FF27  EE                 	db	238
   115  01FF28  F0                 	db	240
   116  01FF29  F1                 	db	241
   117  01FF2A  F3                 	db	243
   118  01FF2B  F4                 	db	244
   119  01FF2C  F5                 	db	245
   120  01FF2D  F6                 	db	246
   121  01FF2E  F8                 	db	248
   122  01FF2F  F9                 	db	249
   123  01FF30  FA                 	db	250
   124  01FF31  FA                 	db	250
   125  01FF32  FB                 	db	251
   126  01FF33  FC                 	db	252
   127  01FF34  FD                 	db	253
   128  01FF35  FD                 	db	253
   129  01FF36  FE                 	db	254
   130  01FF37  FE                 	db	254
   131  01FF38  FE                 	db	254
   132  01FF39  FF                 	db	255
   133  01FF3A  FF                 	db	255
   134  01FF3B  FF                 	db	255
   135  01FF3C  FF                 	db	255
   136  01FF3D  FF                 	db	255
   137  01FF3E  FF                 	db	255
   138  01FF3F  FF                 	db	255
   139  01FF40  FE                 	db	254
   140  01FF41  FE                 	db	254
   141  01FF42  FE                 	db	254
   142  01FF43  FD                 	db	253
   143  01FF44  FD                 	db	253
   144  01FF45  FC                 	db	252
   145  01FF46  FB                 	db	251
   146  01FF47  FA                 	db	250
   147  01FF48  FA                 	db	250
   148  01FF49  F9                 	db	249
   149  01FF4A  F8                 	db	248
   150  01FF4B  F6                 	db	246
   151  01FF4C  F5                 	db	245
   152  01FF4D  F4                 	db	244
   153  01FF4E  F3                 	db	243
   154  01FF4F  F1                 	db	241
   155  01FF50  F0                 	db	240
   156  01FF51  EE                 	db	238
   157  01FF52  ED                 	db	237
   158  01FF53  EB                 	db	235
   159  01FF54  EA                 	db	234
   160  01FF55  E8                 	db	232
   161  01FF56  E6                 	db	230
   162  01FF57  E4                 	db	228
   163  01FF58  E2                 	db	226
   164  01FF59  E0                 	db	224
   165  01FF5A  DE                 	db	222
   166  01FF5B  DC                 	db	220
   167  01FF5C  DA                 	db	218
   168  01FF5D  D7                 	db	215
   169  01FF5E  D5                 	db	213
   170  01FF5F  D3                 	db	211
   171  01FF60  D0                 	db	208
   172  01FF61  CE                 	db	206
   173  01FF62  CB                 	db	203
   174  01FF63  C9                 	db	201
   175  01FF64  C6                 	db	198
   176  01FF65  C4                 	db	196
   177  01FF66  C1                 	db	193
   178  01FF67  BE                 	db	190
   179  01FF68  BC                 	db	188
   180  01FF69  B9                 	db	185
   181  01FF6A  B6                 	db	182
   182  01FF6B  B3                 	db	179
   183  01FF6C  B0                 	db	176
   184  01FF6D  AD                 	db	173
   185  01FF6E  AA                 	db	170
   186  01FF6F  A7                 	db	167
   187  01FF70  A5                 	db	165
   188  01FF71  A2                 	db	162
   189  01FF72  9E                 	db	158
   190  01FF73  9B                 	db	155
   191  01FF74  98                 	db	152
   192  01FF75  95                 	db	149
   193  01FF76  92                 	db	146
   194  01FF77  8F                 	db	143
   195  01FF78  8C                 	db	140
   196  01FF79  89                 	db	137
   197  01FF7A  86                 	db	134
   198  01FF7B  83                 	db	131
   199  01FF7C  80                 	db	128
   200  01FF7D  7C                 	db	124
   201  01FF7E  79                 	db	121
   202  01FF7F  76                 	db	118
   203  01FF80  73                 	db	115
   204  01FF81  70                 	db	112
   205  01FF82  6D                 	db	109
   206  01FF83  6A                 	db	106
   207  01FF84  67                 	db	103
   208  01FF85  64                 	db	100
   209  01FF86  61                 	db	97
   210  01FF87  5D                 	db	93
   211  01FF88  5A                 	db	90
   212  01FF89  58                 	db	88
   213  01FF8A  55                 	db	85
   214  01FF8B  52                 	db	82
   215  01FF8C  4F                 	db	79
   216  01FF8D  4C                 	db	76
   217  01FF8E  49                 	db	73
   218  01FF8F  46                 	db	70
   219  01FF90  43                 	db	67
   220  01FF91  41                 	db	65
   221  01FF92  3E                 	db	62
   222  01FF93  3B                 	db	59
   223  01FF94  39                 	db	57
   224  01FF95  36                 	db	54
   225  01FF96  34                 	db	52
   226  01FF97  31                 	db	49
   227  01FF98  2F                 	db	47
   228  01FF99  2C                 	db	44
   229  01FF9A  2A                 	db	42
   230  01FF9B  28                 	db	40
   231  01FF9C  25                 	db	37
   232  01FF9D  23                 	db	35
   233  01FF9E  21                 	db	33
   234  01FF9F  1F                 	db	31
   235  01FFA0  1D                 	db	29
   236  01FFA1  1B                 	db	27
   237  01FFA2  19                 	db	25
   238  01FFA3  17                 	db	23
   239  01FFA4  15                 	db	21
   240  01FFA5  14                 	db	20
   241  01FFA6  12                 	db	18
   242  01FFA7  11                 	db	17
   243  01FFA8  0F                 	db	15
   244  01FFA9  0E                 	db	14
   245  01FFAA  0C                 	db	12
   246  01FFAB  0B                 	db	11
   247  01FFAC  0A                 	db	10
   248  01FFAD  09                 	db	9
   249  01FFAE  07                 	db	7
   250  01FFAF  06                 	db	6
   251  01FFB0  05                 	db	5
   252  01FFB1  05                 	db	5
   253  01FFB2  04                 	db	4
   254  01FFB3  03                 	db	3
   255  01FFB4  02                 	db	2
   256  01FFB5  02                 	db	2
   257  01FFB6  01                 	db	1
   258  01FFB7  01                 	db	1
   259  01FFB8  01                 	db	1
   260  01FFB9  00                 	db	0
   261  01FFBA  00                 	db	0
   262  01FFBB  00                 	db	0
   263  01FFBC  00                 	db	0
   264  01FFBD  00                 	db	0
   265  01FFBE  00                 	db	0
   266  01FFBF  00                 	db	0
   267  01FFC0  01                 	db	1
   268  01FFC1  01                 	db	1
   269  01FFC2  01                 	db	1
   270  01FFC3  02                 	db	2
   271  01FFC4  02                 	db	2
   272  01FFC5  03                 	db	3
   273  01FFC6  04                 	db	4
   274  01FFC7  05                 	db	5
   275  01FFC8  05                 	db	5
   276  01FFC9  06                 	db	6
   277  01FFCA  07                 	db	7
   278  01FFCB  09                 	db	9
   279  01FFCC  0A                 	db	10
   280  01FFCD  0B                 	db	11
   281  01FFCE  0C                 	db	12
   282  01FFCF  0E                 	db	14
   283  01FFD0  0F                 	db	15
   284  01FFD1  11                 	db	17
   285  01FFD2  12                 	db	18
   286  01FFD3  14                 	db	20
   287  01FFD4  15                 	db	21
   288  01FFD5  17                 	db	23
   289  01FFD6  19                 	db	25
   290  01FFD7  1B                 	db	27
   291  01FFD8  1D                 	db	29
   292  01FFD9  1F                 	db	31
   293  01FFDA  21                 	db	33
   294  01FFDB  23                 	db	35
   295  01FFDC  25                 	db	37
   296  01FFDD  28                 	db	40
   297  01FFDE  2A                 	db	42
   298  01FFDF  2C                 	db	44
   299  01FFE0  2F                 	db	47
   300  01FFE1  31                 	db	49
   301  01FFE2  34                 	db	52
   302  01FFE3  36                 	db	54
   303  01FFE4  39                 	db	57
   304  01FFE5  3B                 	db	59
   305  01FFE6  3E                 	db	62
   306  01FFE7  41                 	db	65
   307  01FFE8  43                 	db	67
   308  01FFE9  46                 	db	70
   309  01FFEA  49                 	db	73
   310  01FFEB  4C                 	db	76
   311  01FFEC  4F                 	db	79
   312  01FFED  52                 	db	82
   313  01FFEE  55                 	db	85
   314  01FFEF  58                 	db	88
   315  01FFF0  5A                 	db	90
   316  01FFF1  5D                 	db	93
   317  01FFF2  61                 	db	97
   318  01FFF3  64                 	db	100
   319  01FFF4  67                 	db	103
   320  01FFF5  6A                 	db	106
   321  01FFF6  6D                 	db	109
   322  01FFF7  70                 	db	112
   323  01FFF8  73                 	db	115
   324  01FFF9  76                 	db	118
   325  01FFFA  79                 	db	121
   326  01FFFB  7C                 	db	124
   327  0000                     _DAC1DATL	set	125
   328  0000                     _DAC1CON	set	127
   329  0000                     _T0CON1	set	795
   330  0000                     _T0CON0	set	794
   331  0000                     _TMR0L	set	792
   332  0000                     _TMR0H	set	793
   333  0000                     _T0CON0bits	set	794
   334  0000                     _ANSELA	set	1024
   335  0000                     _LATA	set	1214
   336  0000                     _PIR3bits	set	1201
   337  0000                     _TRISA	set	1222
   338                           
   339                           ; #config settings
   340                           
   341                           	psect	cinit
   342  01FEB2                     __pcinit:
   343                           	callstack 0
   344  01FEB2                     start_initialization:
   345                           	callstack 0
   346  01FEB2                     __initialization:
   347                           	callstack 0
   348                           
   349                           ; Initialize objects allocated to BANK6 (256 bytes)
   350                           ; load TBLPTR registers with __pidataBANK6
   351  01FEB2  0EFC               	movlw	low __pidataBANK6
   352  01FEB4  6EF6               	movwf	tblptrl,c
   353  01FEB6  0EFE               	movlw	high __pidataBANK6
   354  01FEB8  6EF7               	movwf	tblptrh,c
   355  01FEBA  0E01               	movlw	low (__pidataBANK6 shr (0+16))
   356  01FEBC  6EF8               	movwf	tblptru,c
   357  01FEBE  EE01  F200         	lfsr	0,__pdataBANK6
   358  01FEC2  EE10 F100          	lfsr	1,256
   359  01FEC6                     copy_data0:
   360  01FEC6  0009               	tblrd		*+
   361  01FEC8  C4F5 F4EE          	movff	tablat,postinc0
   362  01FECC  50E5               	movf	postdec1,w,c
   363  01FECE  50E1               	movf	fsr1l,w,c
   364  01FED0  E1FA               	bnz	copy_data0
   365  01FED2  50E2               	movf	fsr1h,w,c
   366  01FED4  E1F8               	bnz	copy_data0
   367                           
   368                           ; Initialize objects allocated to COMRAM (1 bytes)
   369                           ; load TBLPTR registers with __pidataCOMRAM
   370  01FED6  0E0F               	movlw	low __pidataCOMRAM
   371  01FED8  6EF6               	movwf	tblptrl,c
   372  01FEDA  0EFE               	movlw	high __pidataCOMRAM
   373  01FEDC  6EF7               	movwf	tblptrh,c
   374  01FEDE  0E01               	movlw	low (__pidataCOMRAM shr (0+16))
   375  01FEE0  6EF8               	movwf	tblptru,c
   376  01FEE2  0009               	tblrd		*+	;fetch initializer
   377  01FEE4  0061 F3D4  F513    	movff	tablat,__pdataCOMRAM
   378                           
   379                           ; Clear objects allocated to COMRAM (14 bytes)
   380  01FEEA  EE01  F101         	lfsr	0,__pbssCOMRAM
   381  01FEEE  0E0E               	movlw	14
   382  01FEF0                     clear_0:
   383  01FEF0  6AEE               	clrf	postinc0,c
   384  01FEF2  06E8               	decf	wreg,f,c
   385  01FEF4  E1FD               	bnz	clear_0
   386  01FEF6                     end_of_initialization:
   387                           	callstack 0
   388  01FEF6                     __end_of__initialization:
   389                           	callstack 0
   390  01FEF6  0100               	movlb	0
   391  01FEF8  EF3D  F0FF         	goto	_main	;jump to C main() function
   392                           
   393                           	psect	bssCOMRAM
   394  000501                     __pbssCOMRAM:
   395                           	callstack 0
   396  000501                     _G_u32SystemFlags:
   397                           	callstack 0
   398  000501                     	ds	4
   399  000505                     _G_u32SystemTime1s:
   400                           	callstack 0
   401  000505                     	ds	4
   402  000509                     _G_u32SystemTime1ms:
   403                           	callstack 0
   404  000509                     	ds	4
   405  00050D                     	ds	1
   406  00050E                     _G_u8UserAppFlags:
   407                           	callstack 0
   408  00050E                     	ds	1
   409                           
   410                           	psect	dataCOMRAM
   411  000513                     __pdataCOMRAM:
   412                           	callstack 0
   413  000513                     UserAppRun@bDirectionUp:
   414                           	callstack 0
   415  000513                     	ds	1
   416                           
   417                           	psect	dataBANK6
   418  000600                     __pdataBANK6:
   419                           	callstack 0
   420  000600                     	ds	256
   421                           
   422                           	psect	cstackCOMRAM
   423  00050F                     __pcstackCOMRAM:
   424                           	callstack 0
   425  00050F                     TimeXus@u16TimeXus_:
   426                           	callstack 0
   427                           
   428                           ; 2 bytes @ 0x0
   429  00050F                     	ds	2
   430  000511                     TimeXus@u16Temp:
   431                           	callstack 0
   432                           
   433                           ; 2 bytes @ 0x2
   434  000511                     	ds	2
   435  000513                     
   436                           ; 1 bytes @ 0x4
   437 ;;
   438 ;;Main: autosize = 0, tempsize = 0, incstack = 0, save=0
   439 ;;
   440 ;; *************** function _main *****************
   441 ;; Defined at:
   442 ;;		line 35 in file "main.c"
   443 ;; Parameters:    Size  Location     Type
   444 ;;		None
   445 ;; Auto vars:     Size  Location     Type
   446 ;;		None
   447 ;; Return value:  Size  Location     Type
   448 ;;                  1    wreg      void 
   449 ;; Registers used:
   450 ;;		wreg, status,2, status,0, cstack
   451 ;; Tracked objects:
   452 ;;		On entry : 0/0
   453 ;;		On exit  : 0/0
   454 ;;		Unchanged: 0/0
   455 ;; Data sizes:     COMRAM   BANK5   BANK6   BANK7   BANK8   BANK9  BANK10  BANK11  BANK12  BANK13  BANK14  BANK15  BANK1
      +6  BANK17  BANK18  BANK19  BANK20  BANK21  BANK22  BANK23  BANK24  BANK25  BANK26  BANK27  BANK28  BANK29  BANK30  BANK3
      +1  BANK32  BANK33  BANK34  BANK35  BANK36  BANK37
   456 ;;      Params:         0       0       0       0       0       0       0       0       0       0       0       0       
      +0       0       0       0       0       0       0       0       0       0       0       0       0       0       0       
      +0       0       0       0       0       0       0
   457 ;;      Locals:         0       0       0       0       0       0       0       0       0       0       0       0       
      +0       0       0       0       0       0       0       0       0       0       0       0       0       0       0       
      +0       0       0       0       0       0       0
   458 ;;      Temps:          0       0       0       0       0       0       0       0       0       0       0       0       
      +0       0       0       0       0       0       0       0       0       0       0       0       0       0       0       
      +0       0       0       0       0       0       0
   459 ;;      Totals:         0       0       0       0       0       0       0       0       0       0       0       0       
      +0       0       0       0       0       0       0       0       0       0       0       0       0       0       0       
      +0       0       0       0       0       0       0
   460 ;;Total ram usage:        0 bytes
   461 ;; Hardware stack levels required when called:    1
   462 ;; This function calls:
   463 ;;		_ClockSetup
   464 ;;		_GpioSetup
   465 ;;		_SysTickSetup
   466 ;;		_TimeXus
   467 ;;		_UserAppInitialize
   468 ;; This function is called by:
   469 ;;		Startup code after reset
   470 ;; This function uses a non-reentrant model
   471 ;;
   472                           
   473                           	psect	text0
   474  01FE7A                     __ptext0:
   475                           	callstack 0
   476  01FE7A                     _main:
   477                           	callstack 127
   478  01FE7A                     
   479                           ;main.c: 37:   G_u32SystemFlags |= (u32)0x80000000;
   480  01FE7A  8E04               	bsf	(_G_u32SystemFlags+3)^(0+1280),7,c	;volatile
   481  01FE7C                     
   482                           ;main.c: 40:   ClockSetup();
   483  01FE7C  EC08  F0FF         	call	_ClockSetup	;wreg free
   484  01FE80                     
   485                           ;main.c: 41:   SysTickSetup();
   486  01FE80  EC2C  F0FF         	call	_SysTickSetup	;wreg free
   487  01FE84                     
   488                           ;main.c: 42:   GpioSetup();
   489  01FE84  EC11  F0FF         	call	_GpioSetup	;wreg free
   490  01FE88                     
   491                           ;main.c: 47:   UserAppInitialize();
   492  01FE88  EC09  F0FF         	call	_UserAppInitialize	;wreg free
   493  01FE8C                     l842:
   494                           
   495                           ;main.c: 53:   {;main.c: 58:     TimeXus(2);
   496  01FE8C  0E00               	movlw	0
   497  01FE8E  6E10               	movwf	(TimeXus@u16TimeXus_+1)^(0+1280),c
   498  01FE90  0E02               	movlw	2
   499  01FE92  6E0F               	movwf	TimeXus@u16TimeXus_^(0+1280),c
   500  01FE94  EC1C  F0FF         	call	_TimeXus	;wreg free
   501  01FE98                     l50:
   502  01FE98  AEB1               	btfss	177,7,c	;volatile
   503  01FE9A  EF51  F0FF         	goto	u51
   504  01FE9E  EF53  F0FF         	goto	u50
   505  01FEA2                     u51:
   506  01FEA2  EF4C  F0FF         	goto	l50
   507  01FEA6                     u50:
   508  01FEA6                     
   509                           ;main.c: 60:     DAC1DATL += 1;
   510  01FEA6  0100               	movlb	0	; () banked
   511  01FEA8  2B7D               	incf	125,f,b	;volatile
   512  01FEAA  EF46  F0FF         	goto	l842
   513  01FEAE  EFFE  F0FF         	goto	start
   514  01FEB2                     __end_of_main:
   515                           	callstack 0
   516                           
   517 ;; *************** function _UserAppInitialize *****************
   518 ;; Defined at:
   519 ;;		line 137 in file "user_app.c"
   520 ;; Parameters:    Size  Location     Type
   521 ;;		None
   522 ;; Auto vars:     Size  Location     Type
   523 ;;		None
   524 ;; Return value:  Size  Location     Type
   525 ;;                  1    wreg      void 
   526 ;; Registers used:
   527 ;;		wreg, status,2, status,0
   528 ;; Tracked objects:
   529 ;;		On entry : 0/0
   530 ;;		On exit  : 0/0
   531 ;;		Unchanged: 0/0
   532 ;; Data sizes:     COMRAM   BANK5   BANK6   BANK7   BANK8   BANK9  BANK10  BANK11  BANK12  BANK13  BANK14  BANK15  BANK1
      +6  BANK17  BANK18  BANK19  BANK20  BANK21  BANK22  BANK23  BANK24  BANK25  BANK26  BANK27  BANK28  BANK29  BANK30  BANK3
      +1  BANK32  BANK33  BANK34  BANK35  BANK36  BANK37
   533 ;;      Params:         0       0       0       0       0       0       0       0       0       0       0       0       
      +0       0       0       0       0       0       0       0       0       0       0       0       0       0       0       
      +0       0       0       0       0       0       0
   534 ;;      Locals:         0       0       0       0       0       0       0       0       0       0       0       0       
      +0       0       0       0       0       0       0       0       0       0       0       0       0       0       0       
      +0       0       0       0       0       0       0
   535 ;;      Temps:          0       0       0       0       0       0       0       0       0       0       0       0       
      +0       0       0       0       0       0       0       0       0       0       0       0       0       0       0       
      +0       0       0       0       0       0       0
   536 ;;      Totals:         0       0       0       0       0       0       0       0       0       0       0       0       
      +0       0       0       0       0       0       0       0       0       0       0       0       0       0       0       
      +0       0       0       0       0       0       0
   537 ;;Total ram usage:        0 bytes
   538 ;; Hardware stack levels used:    1
   539 ;; This function calls:
   540 ;;		Nothing
   541 ;; This function is called by:
   542 ;;		_main
   543 ;; This function uses a non-reentrant model
   544 ;;
   545                           
   546                           	psect	text1
   547  01FE12                     __ptext1:
   548                           	callstack 0
   549  01FE12                     _UserAppInitialize:
   550                           	callstack 127
   551  01FE12                     
   552                           ;user_app.c: 140:     LATA &= 0xC0;
   553  01FE12  0EC0               	movlw	192
   554  01FE14  16BE               	andwf	190,f,c	;volatile
   555  01FE16                     
   556                           ;user_app.c: 144:     T0CON0 = 0x90;
   557  01FE16  0E90               	movlw	144
   558  01FE18  0103               	movlb	3	; () banked
   559  01FE1A  6F1A               	movwf	26,b	;volatile
   560  01FE1C                     
   561                           ; BSR set to: 3
   562                           ;user_app.c: 145:     T0CON1 = 0x54;
   563  01FE1C  0E54               	movlw	84
   564  01FE1E  6F1B               	movwf	27,b	;volatile
   565  01FE20                     
   566                           ; BSR set to: 3
   567  01FE20  0012               	return		;funcret
   568  01FE22                     __end_of_UserAppInitialize:
   569                           	callstack 0
   570                           
   571 ;; *************** function _TimeXus *****************
   572 ;; Defined at:
   573 ;;		line 90 in file "user_app.c"
   574 ;; Parameters:    Size  Location     Type
   575 ;;  u16TimeXus_     2    0[COMRAM] unsigned short 
   576 ;; Auto vars:     Size  Location     Type
   577 ;;  u16Temp         2    2[COMRAM] unsigned short 
   578 ;; Return value:  Size  Location     Type
   579 ;;                  1    wreg      void 
   580 ;; Registers used:
   581 ;;		wreg, status,2, status,0
   582 ;; Tracked objects:
   583 ;;		On entry : 0/0
   584 ;;		On exit  : 0/0
   585 ;;		Unchanged: 0/0
   586 ;; Data sizes:     COMRAM   BANK5   BANK6   BANK7   BANK8   BANK9  BANK10  BANK11  BANK12  BANK13  BANK14  BANK15  BANK1
      +6  BANK17  BANK18  BANK19  BANK20  BANK21  BANK22  BANK23  BANK24  BANK25  BANK26  BANK27  BANK28  BANK29  BANK30  BANK3
      +1  BANK32  BANK33  BANK34  BANK35  BANK36  BANK37
   587 ;;      Params:         2       0       0       0       0       0       0       0       0       0       0       0       
      +0       0       0       0       0       0       0       0       0       0       0       0       0       0       0       
      +0       0       0       0       0       0       0
   588 ;;      Locals:         2       0       0       0       0       0       0       0       0       0       0       0       
      +0       0       0       0       0       0       0       0       0       0       0       0       0       0       0       
      +0       0       0       0       0       0       0
   589 ;;      Temps:          0       0       0       0       0       0       0       0       0       0       0       0       
      +0       0       0       0       0       0       0       0       0       0       0       0       0       0       0       
      +0       0       0       0       0       0       0
   590 ;;      Totals:         4       0       0       0       0       0       0       0       0       0       0       0       
      +0       0       0       0       0       0       0       0       0       0       0       0       0       0       0       
      +0       0       0       0       0       0       0
   591 ;;Total ram usage:        4 bytes
   592 ;; Hardware stack levels used:    1
   593 ;; This function calls:
   594 ;;		Nothing
   595 ;; This function is called by:
   596 ;;		_main
   597 ;; This function uses a non-reentrant model
   598 ;;
   599                           
   600                           	psect	text2
   601  01FE38                     __ptext2:
   602                           	callstack 0
   603  01FE38                     _TimeXus:
   604                           	callstack 127
   605  01FE38                     
   606                           ;user_app.c: 90: void TimeXus(u16 u16TimeXus_);user_app.c: 91: {;user_app.c: 92:   u16 u
      +                          16Temp = 65535;
   607  01FE38  6811               	setf	TimeXus@u16Temp^(0+1280),c
   608  01FE3A  6812               	setf	(TimeXus@u16Temp+1)^(0+1280),c
   609                           
   610                           ;user_app.c: 104:   T0CON0bits.EN = 0;
   611  01FE3C  0103               	movlb	3	; () banked
   612  01FE3E  9F1A               	bcf	26,7,b	;volatile
   613  01FE40                     
   614                           ; BSR set to: 3
   615                           ;user_app.c: 107:   u16Temp -= u16TimeXus_;
   616  01FE40  500F               	movf	TimeXus@u16TimeXus_^(0+1280),w,c
   617  01FE42  5E11               	subwf	TimeXus@u16Temp^(0+1280),f,c
   618  01FE44  5010               	movf	(TimeXus@u16TimeXus_+1)^(0+1280),w,c
   619  01FE46  5A12               	subwfb	(TimeXus@u16Temp+1)^(0+1280),f,c
   620  01FE48                     
   621                           ; BSR set to: 3
   622                           ;user_app.c: 108:   TMR0H = (u8)( (u16Temp >> 8) & 0x00FF);
   623  01FE48  5012               	movf	(TimeXus@u16Temp+1)^(0+1280),w,c
   624  01FE4A  6F19               	movwf	25,b	;volatile
   625  01FE4C                     
   626                           ; BSR set to: 3
   627                           ;user_app.c: 109:   TMR0L = (u8)( u16Temp & 0x00FF);
   628  01FE4C  0061  F444  F318   	movff	TimeXus@u16Temp,792	;volatile
   629  01FE52                     
   630                           ; BSR set to: 3
   631                           ;user_app.c: 112:   PIR3bits.TMR0IF = 0;
   632  01FE52  9EB1               	bcf	177,7,c	;volatile
   633  01FE54                     
   634                           ; BSR set to: 3
   635                           ;user_app.c: 113:   T0CON0bits.EN = 1;
   636  01FE54  8F1A               	bsf	26,7,b	;volatile
   637  01FE56                     
   638                           ; BSR set to: 3
   639  01FE56  0012               	return		;funcret
   640  01FE58                     __end_of_TimeXus:
   641                           	callstack 0
   642                           
   643 ;; *************** function _SysTickSetup *****************
   644 ;; Defined at:
   645 ;;		line 114 in file "encm369_pic18.c"
   646 ;; Parameters:    Size  Location     Type
   647 ;;		None
   648 ;; Auto vars:     Size  Location     Type
   649 ;;		None
   650 ;; Return value:  Size  Location     Type
   651 ;;                  1    wreg      void 
   652 ;; Registers used:
   653 ;;		wreg, status,2
   654 ;; Tracked objects:
   655 ;;		On entry : 0/0
   656 ;;		On exit  : 0/0
   657 ;;		Unchanged: 0/0
   658 ;; Data sizes:     COMRAM   BANK5   BANK6   BANK7   BANK8   BANK9  BANK10  BANK11  BANK12  BANK13  BANK14  BANK15  BANK1
      +6  BANK17  BANK18  BANK19  BANK20  BANK21  BANK22  BANK23  BANK24  BANK25  BANK26  BANK27  BANK28  BANK29  BANK30  BANK3
      +1  BANK32  BANK33  BANK34  BANK35  BANK36  BANK37
   659 ;;      Params:         0       0       0       0       0       0       0       0       0       0       0       0       
      +0       0       0       0       0       0       0       0       0       0       0       0       0       0       0       
      +0       0       0       0       0       0       0
   660 ;;      Locals:         0       0       0       0       0       0       0       0       0       0       0       0       
      +0       0       0       0       0       0       0       0       0       0       0       0       0       0       0       
      +0       0       0       0       0       0       0
   661 ;;      Temps:          0       0       0       0       0       0       0       0       0       0       0       0       
      +0       0       0       0       0       0       0       0       0       0       0       0       0       0       0       
      +0       0       0       0       0       0       0
   662 ;;      Totals:         0       0       0       0       0       0       0       0       0       0       0       0       
      +0       0       0       0       0       0       0       0       0       0       0       0       0       0       0       
      +0       0       0       0       0       0       0
   663 ;;Total ram usage:        0 bytes
   664 ;; Hardware stack levels used:    1
   665 ;; This function calls:
   666 ;;		Nothing
   667 ;; This function is called by:
   668 ;;		_main
   669 ;; This function uses a non-reentrant model
   670 ;;
   671                           
   672                           	psect	text3
   673  01FE58                     __ptext3:
   674                           	callstack 0
   675  01FE58                     _SysTickSetup:
   676                           	callstack 127
   677  01FE58                     
   678                           ;encm369_pic18.c: 116:   G_u32SystemTime1ms = 0;
   679  01FE58  0E00               	movlw	0
   680  01FE5A  6E09               	movwf	_G_u32SystemTime1ms^(0+1280),c	;volatile
   681  01FE5C  0E00               	movlw	0
   682  01FE5E  6E0A               	movwf	(_G_u32SystemTime1ms+1)^(0+1280),c	;volatile
   683  01FE60  0E00               	movlw	0
   684  01FE62  6E0B               	movwf	(_G_u32SystemTime1ms+2)^(0+1280),c	;volatile
   685  01FE64  0E00               	movlw	0
   686  01FE66  6E0C               	movwf	(_G_u32SystemTime1ms+3)^(0+1280),c	;volatile
   687                           
   688                           ;encm369_pic18.c: 117:   G_u32SystemTime1s = 0;
   689  01FE68  0E00               	movlw	0
   690  01FE6A  6E05               	movwf	_G_u32SystemTime1s^(0+1280),c	;volatile
   691  01FE6C  0E00               	movlw	0
   692  01FE6E  6E06               	movwf	(_G_u32SystemTime1s+1)^(0+1280),c	;volatile
   693  01FE70  0E00               	movlw	0
   694  01FE72  6E07               	movwf	(_G_u32SystemTime1s+2)^(0+1280),c	;volatile
   695  01FE74  0E00               	movlw	0
   696  01FE76  6E08               	movwf	(_G_u32SystemTime1s+3)^(0+1280),c	;volatile
   697  01FE78  0012               	return		;funcret
   698  01FE7A                     __end_of_SysTickSetup:
   699                           	callstack 0
   700                           
   701 ;; *************** function _GpioSetup *****************
   702 ;; Defined at:
   703 ;;		line 89 in file "encm369_pic18.c"
   704 ;; Parameters:    Size  Location     Type
   705 ;;		None
   706 ;; Auto vars:     Size  Location     Type
   707 ;;		None
   708 ;; Return value:  Size  Location     Type
   709 ;;                  1    wreg      void 
   710 ;; Registers used:
   711 ;;		wreg, status,2
   712 ;; Tracked objects:
   713 ;;		On entry : 0/0
   714 ;;		On exit  : 0/0
   715 ;;		Unchanged: 0/0
   716 ;; Data sizes:     COMRAM   BANK5   BANK6   BANK7   BANK8   BANK9  BANK10  BANK11  BANK12  BANK13  BANK14  BANK15  BANK1
      +6  BANK17  BANK18  BANK19  BANK20  BANK21  BANK22  BANK23  BANK24  BANK25  BANK26  BANK27  BANK28  BANK29  BANK30  BANK3
      +1  BANK32  BANK33  BANK34  BANK35  BANK36  BANK37
   717 ;;      Params:         0       0       0       0       0       0       0       0       0       0       0       0       
      +0       0       0       0       0       0       0       0       0       0       0       0       0       0       0       
      +0       0       0       0       0       0       0
   718 ;;      Locals:         0       0       0       0       0       0       0       0       0       0       0       0       
      +0       0       0       0       0       0       0       0       0       0       0       0       0       0       0       
      +0       0       0       0       0       0       0
   719 ;;      Temps:          0       0       0       0       0       0       0       0       0       0       0       0       
      +0       0       0       0       0       0       0       0       0       0       0       0       0       0       0       
      +0       0       0       0       0       0       0
   720 ;;      Totals:         0       0       0       0       0       0       0       0       0       0       0       0       
      +0       0       0       0       0       0       0       0       0       0       0       0       0       0       0       
      +0       0       0       0       0       0       0
   721 ;;Total ram usage:        0 bytes
   722 ;; Hardware stack levels used:    1
   723 ;; This function calls:
   724 ;;		Nothing
   725 ;; This function is called by:
   726 ;;		_main
   727 ;; This function uses a non-reentrant model
   728 ;;
   729                           
   730                           	psect	text4
   731  01FE22                     __ptext4:
   732                           	callstack 0
   733  01FE22                     _GpioSetup:
   734                           	callstack 127
   735  01FE22                     
   736                           ;encm369_pic18.c: 92:   ANSELA = 0x00;
   737  01FE22  0E00               	movlw	0
   738  01FE24  0104               	movlb	4	; () banked
   739  01FE26  6F00               	movwf	0,b	;volatile
   740                           
   741                           ;encm369_pic18.c: 93:   TRISA = 0x00;
   742  01FE28  0E00               	movlw	0
   743  01FE2A  6EC6               	movwf	198,c	;volatile
   744                           
   745                           ;encm369_pic18.c: 96:   DAC1CON = 0xA0;
   746  01FE2C  0EA0               	movlw	160
   747  01FE2E  0100               	movlb	0	; () banked
   748  01FE30  6F7F               	movwf	127,b	;volatile
   749                           
   750                           ;encm369_pic18.c: 97:   DAC1DATL = 0;
   751  01FE32  0E00               	movlw	0
   752  01FE34  6F7D               	movwf	125,b	;volatile
   753  01FE36                     
   754                           ; BSR set to: 0
   755  01FE36  0012               	return		;funcret
   756  01FE38                     __end_of_GpioSetup:
   757                           	callstack 0
   758                           
   759 ;; *************** function _ClockSetup *****************
   760 ;; Defined at:
   761 ;;		line 70 in file "encm369_pic18.c"
   762 ;; Parameters:    Size  Location     Type
   763 ;;		None
   764 ;; Auto vars:     Size  Location     Type
   765 ;;		None
   766 ;; Return value:  Size  Location     Type
   767 ;;                  1    wreg      void 
   768 ;; Registers used:
   769 ;;		None
   770 ;; Tracked objects:
   771 ;;		On entry : 0/0
   772 ;;		On exit  : 0/0
   773 ;;		Unchanged: 0/0
   774 ;; Data sizes:     COMRAM   BANK5   BANK6   BANK7   BANK8   BANK9  BANK10  BANK11  BANK12  BANK13  BANK14  BANK15  BANK1
      +6  BANK17  BANK18  BANK19  BANK20  BANK21  BANK22  BANK23  BANK24  BANK25  BANK26  BANK27  BANK28  BANK29  BANK30  BANK3
      +1  BANK32  BANK33  BANK34  BANK35  BANK36  BANK37
   775 ;;      Params:         0       0       0       0       0       0       0       0       0       0       0       0       
      +0       0       0       0       0       0       0       0       0       0       0       0       0       0       0       
      +0       0       0       0       0       0       0
   776 ;;      Locals:         0       0       0       0       0       0       0       0       0       0       0       0       
      +0       0       0       0       0       0       0       0       0       0       0       0       0       0       0       
      +0       0       0       0       0       0       0
   777 ;;      Temps:          0       0       0       0       0       0       0       0       0       0       0       0       
      +0       0       0       0       0       0       0       0       0       0       0       0       0       0       0       
      +0       0       0       0       0       0       0
   778 ;;      Totals:         0       0       0       0       0       0       0       0       0       0       0       0       
      +0       0       0       0       0       0       0       0       0       0       0       0       0       0       0       
      +0       0       0       0       0       0       0
   779 ;;Total ram usage:        0 bytes
   780 ;; Hardware stack levels used:    1
   781 ;; This function calls:
   782 ;;		Nothing
   783 ;; This function is called by:
   784 ;;		_main
   785 ;; This function uses a non-reentrant model
   786 ;;
   787                           
   788                           	psect	text5
   789  01FE10                     __ptext5:
   790                           	callstack 0
   791  01FE10                     _ClockSetup:
   792                           	callstack 127
   793  01FE10  0012               	return		;funcret
   794  01FE12                     __end_of_ClockSetup:
   795                           	callstack 0
   796  0000                     
   797                           	psect	rparam
   798  0000                     
   799                           	psect	idloc
   800                           
   801                           ;Config register IDLOC0 @ 0x200000
   802                           ;	unspecified, using default values
   803  200000                     	org	2097152
   804  200000  0FFF               	dw	4095
   805                           
   806                           ;Config register IDLOC1 @ 0x200002
   807                           ;	unspecified, using default values
   808  200002                     	org	2097154
   809  200002  0FFF               	dw	4095
   810                           
   811                           ;Config register IDLOC2 @ 0x200004
   812                           ;	unspecified, using default values
   813  200004                     	org	2097156
   814  200004  0FFF               	dw	4095
   815                           
   816                           ;Config register IDLOC3 @ 0x200006
   817                           ;	unspecified, using default values
   818  200006                     	org	2097158
   819  200006  0FFF               	dw	4095
   820                           
   821                           ;Config register IDLOC4 @ 0x200008
   822                           ;	unspecified, using default values
   823  200008                     	org	2097160
   824  200008  0FFF               	dw	4095
   825                           
   826                           ;Config register IDLOC5 @ 0x20000A
   827                           ;	unspecified, using default values
   828  20000A                     	org	2097162
   829  20000A  0FFF               	dw	4095
   830                           
   831                           ;Config register IDLOC6 @ 0x20000C
   832                           ;	unspecified, using default values
   833  20000C                     	org	2097164
   834  20000C  0FFF               	dw	4095
   835                           
   836                           ;Config register IDLOC7 @ 0x20000E
   837                           ;	unspecified, using default values
   838  20000E                     	org	2097166
   839  20000E  0FFF               	dw	4095
   840                           
   841                           ;Config register IDLOC8 @ 0x200010
   842                           ;	unspecified, using default values
   843  200010                     	org	2097168
   844  200010  0FFF               	dw	4095
   845                           
   846                           ;Config register IDLOC9 @ 0x200012
   847                           ;	unspecified, using default values
   848  200012                     	org	2097170
   849  200012  0FFF               	dw	4095
   850                           
   851                           ;Config register IDLOC10 @ 0x200014
   852                           ;	unspecified, using default values
   853  200014                     	org	2097172
   854  200014  0FFF               	dw	4095
   855                           
   856                           ;Config register IDLOC11 @ 0x200016
   857                           ;	unspecified, using default values
   858  200016                     	org	2097174
   859  200016  0FFF               	dw	4095
   860                           
   861                           ;Config register IDLOC12 @ 0x200018
   862                           ;	unspecified, using default values
   863  200018                     	org	2097176
   864  200018  0FFF               	dw	4095
   865                           
   866                           ;Config register IDLOC13 @ 0x20001A
   867                           ;	unspecified, using default values
   868  20001A                     	org	2097178
   869  20001A  0FFF               	dw	4095
   870                           
   871                           ;Config register IDLOC14 @ 0x20001C
   872                           ;	unspecified, using default values
   873  20001C                     	org	2097180
   874  20001C  0FFF               	dw	4095
   875                           
   876                           ;Config register IDLOC15 @ 0x20001E
   877                           ;	unspecified, using default values
   878  20001E                     	org	2097182
   879  20001E  0FFF               	dw	4095
   880                           
   881                           	psect	config
   882                           
   883                           ;Config register CONFIG1 @ 0x300000
   884                           ;	External Oscillator Selection
   885                           ;	FEXTOSC = OFF, Oscillator not enabled
   886                           ;	Reset Oscillator Selection
   887                           ;	RSTOSC = HFINTOSC_64MHZ, HFINTOSC with HFFRQ = 64 MHz and CDIV = 1:1
   888  300000                     	org	3145728
   889  300000  8C                 	db	140
   890                           
   891                           ;Config register CONFIG2 @ 0x300001
   892                           ;	Clock out Enable bit
   893                           ;	CLKOUTEN = ON, CLKOUT function is enabled
   894                           ;	PRLOCKED One-Way Set Enable bit
   895                           ;	PR1WAY = ON, PRLOCKED bit can be cleared and set only once
   896                           ;	Clock Switch Enable bit
   897                           ;	CSWEN = ON, Writing to NOSC and NDIV is allowed
   898                           ;	Fail-Safe Clock Monitor Enable bit
   899                           ;	FCMEN = ON, Fail-Safe Clock Monitor enabled
   900  300001                     	org	3145729
   901  300001  FE                 	db	254
   902                           
   903                           ;Config register CONFIG3 @ 0x300002
   904                           ;	MCLR Enable bit
   905                           ;	MCLRE = EXTMCLR, If LVP = 0, MCLR pin is MCLR; If LVP = 1, RE3 pin function is MCLR
   906                           ;	Power-up timer selection bits
   907                           ;	PWRTS = PWRT_OFF, PWRT is disabled
   908                           ;	Multi-vector enable bit
   909                           ;	MVECEN = ON, Multi-vector enabled, Vector table used for interrupts
   910                           ;	IVTLOCK bit One-way set enable bit
   911                           ;	IVT1WAY = ON, IVTLOCKED bit can be cleared and set only once
   912                           ;	Low Power BOR Enable bit
   913                           ;	LPBOREN = OFF, Low-Power BOR disabled
   914                           ;	Brown-out Reset Enable bits
   915                           ;	BOREN = SBORDIS, Brown-out Reset enabled , SBOREN bit is ignored
   916  300002                     	org	3145730
   917  300002  FF                 	db	255
   918                           
   919                           ;Config register CONFIG4 @ 0x300003
   920                           ;	Brown-out Reset Voltage Selection bits
   921                           ;	BORV = VBOR_2P85, Brown-out Reset Voltage (VBOR) set to 2.8V
   922                           ;	ZCD Disable bit
   923                           ;	ZCD = OFF, ZCD module is disabled. ZCD can be enabled by setting the ZCDSEN bit of ZCD
      +                          CON
   924                           ;	PPSLOCK bit One-Way Set Enable bit
   925                           ;	PPS1WAY = ON, PPSLOCKED bit can be cleared and set only once; PPS registers remain loc
      +                          ked after one clear/set cycle
   926                           ;	Stack Full/Underflow Reset Enable bit
   927                           ;	STVREN = ON, Stack full/underflow will cause Reset
   928                           ;	Low Voltage Programming Enable bit
   929                           ;	LVP = ON, Low voltage programming enabled. MCLR/VPP pin function is MCLR. MCLRE config
      +                          uration bit is ignored
   930                           ;	Extended Instruction Set Enable bit
   931                           ;	XINST = OFF, Extended Instruction Set and Indexed Addressing Mode disabled
   932  300003                     	org	3145731
   933  300003  FC                 	db	252
   934                           
   935                           ;Config register CONFIG5 @ 0x300004
   936                           ;	WDT Period selection bits
   937                           ;	WDTCPS = WDTCPS_31, Divider ratio 1:65536; software control of WDTPS
   938                           ;	WDT operating mode
   939                           ;	WDTE = OFF, WDT Disabled; SWDTEN is ignored
   940  300004                     	org	3145732
   941  300004  9F                 	db	159
   942                           
   943                           ;Config register CONFIG6 @ 0x300005
   944                           ;	WDT Window Select bits
   945                           ;	WDTCWS = WDTCWS_7, window always open (100%); software control; keyed access not requi
      +                          red
   946                           ;	WDT input clock selector
   947                           ;	WDTCCS = SC, Software Control
   948  300005                     	org	3145733
   949  300005  FF                 	db	255
   950                           
   951                           ;Config register CONFIG7 @ 0x300006
   952                           ;	Boot Block Size selection bits
   953                           ;	BBSIZE = BBSIZE_512, Boot Block size is 512 words
   954                           ;	Boot Block enable bit
   955                           ;	BBEN = OFF, Boot block disabled
   956                           ;	Storage Area Flash enable bit
   957                           ;	SAFEN = OFF, SAF disabled
   958                           ;	Background Debugger
   959                           ;	DEBUG = OFF, Background Debugger disabled
   960  300006                     	org	3145734
   961  300006  FF                 	db	255
   962                           
   963                           ;Config register CONFIG8 @ 0x300007
   964                           ;	Boot Block Write Protection bit
   965                           ;	WRTB = OFF, Boot Block not Write protected
   966                           ;	Configuration Register Write Protection bit
   967                           ;	WRTC = OFF, Configuration registers not Write protected
   968                           ;	Data EEPROM Write Protection bit
   969                           ;	WRTD = OFF, Data EEPROM not Write protected
   970                           ;	SAF Write protection bit
   971                           ;	WRTSAF = OFF, SAF not Write Protected
   972                           ;	Application Block write protection bit
   973                           ;	WRTAPP = OFF, Application Block not write protected
   974  300007                     	org	3145735
   975  300007  FF                 	db	255
   976                           
   977                           ; Padding undefined space
   978  300008                     	org	3145736
   979  300008  FF                 	db	255
   980                           
   981                           ;Config register CONFIG10 @ 0x300009
   982                           ;	PFM and Data EEPROM Code Protection bit
   983                           ;	CP = OFF, PFM and Data EEPROM code protection disabled
   984  300009                     	org	3145737
   985  300009  FF                 	db	255
   986                           tosu	equ	0x4FF
   987                           tosh	equ	0x4FE
   988                           tosl	equ	0x4FD
   989                           stkptr	equ	0x4FC
   990                           pclatu	equ	0x4FB
   991                           pclath	equ	0x4FA
   992                           pcl	equ	0x4F9
   993                           tblptru	equ	0x4F8
   994                           tblptrh	equ	0x4F7
   995                           tblptrl	equ	0x4F6
   996                           tablat	equ	0x4F5
   997                           prodh	equ	0x4F4
   998                           prodl	equ	0x4F3
   999                           indf0	equ	0x4EF
  1000                           postinc0	equ	0x4EE
  1001                           postdec0	equ	0x4ED
  1002                           preinc0	equ	0x4EC
  1003                           plusw0	equ	0x4EB
  1004                           fsr0h	equ	0x4EA
  1005                           fsr0l	equ	0x4E9
  1006                           wreg	equ	0x4E8
  1007                           indf1	equ	0x4E7
  1008                           postinc1	equ	0x4E6
  1009                           postdec1	equ	0x4E5
  1010                           preinc1	equ	0x4E4
  1011                           plusw1	equ	0x4E3
  1012                           fsr1h	equ	0x4E2
  1013                           fsr1l	equ	0x4E1
  1014                           bsr	equ	0x4E0
  1015                           indf2	equ	0x4DF
  1016                           postinc2	equ	0x4DE
  1017                           postdec2	equ	0x4DD
  1018                           preinc2	equ	0x4DC
  1019                           plusw2	equ	0x4DB
  1020                           fsr2h	equ	0x4DA
  1021                           fsr2l	equ	0x4D9
  1022                           status	equ	0x4D8

Data Sizes:
    Strings     0
    Constant    0
    Data        257
    BSS         14
    Persistent  0
    Stack       0

Auto Spaces:
    Space          Size  Autos    Used
    COMRAM           95      4      19
    BANK5           160      0       0
    BANK6           256      0     256
    BANK7           256      0       0
    BANK8           256      0       0
    BANK9           256      0       0
    BANK10          256      0       0
    BANK11          256      0       0
    BANK12          256      0       0
    BANK13          256      0       0
    BANK14          256      0       0
    BANK15          256      0       0
    BANK16          256      0       0
    BANK17          256      0       0
    BANK18          256      0       0
    BANK19          256      0       0
    BANK20          256      0       0
    BANK21          256      0       0
    BANK22          256      0       0
    BANK23          256      0       0
    BANK24          256      0       0
    BANK25          256      0       0
    BANK26          256      0       0
    BANK27          256      0       0
    BANK28          256      0       0
    BANK29          256      0       0
    BANK30          256      0       0
    BANK31          256      0       0
    BANK32          256      0       0
    BANK33          256      0       0
    BANK34          256      0       0
    BANK35          256      0       0
    BANK36          256      0       0
    BANK37          256      0       0

Pointer List with Targets:

    None.

Critical Paths under _main in COMRAM

    _main->_TimeXus

Critical Paths under _main in BANK5

    None.

Critical Paths under _main in BANK6

    None.

Critical Paths under _main in BANK7

    None.

Critical Paths under _main in BANK8

    None.

Critical Paths under _main in BANK9

    None.

Critical Paths under _main in BANK10

    None.

Critical Paths under _main in BANK11

    None.

Critical Paths under _main in BANK12

    None.

Critical Paths under _main in BANK13

    None.

Critical Paths under _main in BANK14

    None.

Critical Paths under _main in BANK15

    None.

Critical Paths under _main in BANK16

    None.

Critical Paths under _main in BANK17

    None.

Critical Paths under _main in BANK18

    None.

Critical Paths under _main in BANK19

    None.

Critical Paths under _main in BANK20

    None.

Critical Paths under _main in BANK21

    None.

Critical Paths under _main in BANK22

    None.

Critical Paths under _main in BANK23

    None.

Critical Paths under _main in BANK24

    None.

Critical Paths under _main in BANK25

    None.

Critical Paths under _main in BANK26

    None.

Critical Paths under _main in BANK27

    None.

Critical Paths under _main in BANK28

    None.

Critical Paths under _main in BANK29

    None.

Critical Paths under _main in BANK30

    None.

Critical Paths under _main in BANK31

    None.

Critical Paths under _main in BANK32

    None.

Critical Paths under _main in BANK33

    None.

Critical Paths under _main in BANK34

    None.

Critical Paths under _main in BANK35

    None.

Critical Paths under _main in BANK36

    None.

Critical Paths under _main in BANK37

    None.

Call Graph Tables:

 ---------------------------------------------------------------------------------
 (Depth) Function   	        Calls       Base Space   Used Autos Params    Refs
 ---------------------------------------------------------------------------------
 (0) _main                                                 0     0      0     144
                         _ClockSetup
                          _GpioSetup
                       _SysTickSetup
                            _TimeXus
                  _UserAppInitialize
 ---------------------------------------------------------------------------------
 (1) _UserAppInitialize                                    0     0      0       0
 ---------------------------------------------------------------------------------
 (1) _TimeXus                                              4     2      2     144
                                              0 COMRAM     4     2      2
 ---------------------------------------------------------------------------------
 (1) _SysTickSetup                                         0     0      0       0
 ---------------------------------------------------------------------------------
 (1) _GpioSetup                                            0     0      0       0
 ---------------------------------------------------------------------------------
 (1) _ClockSetup                                           0     0      0       0
 ---------------------------------------------------------------------------------
 Estimated maximum stack depth 1
 ---------------------------------------------------------------------------------

 Call Graph Graphs:

 _main (ROOT)
   _ClockSetup
   _GpioSetup
   _SysTickSetup
   _TimeXus
   _UserAppInitialize

 Address spaces:
Name               Size   Autos  Total    Cost      Usage
BIGRAM            20FF      0       0      71        0.0%
EEDATA             400      0       0       0        0.0%
BITBANK37          100      0       0      70        0.0%
BANK37             100      0       0      68        0.0%
BITBANK36          100      0       0      66        0.0%
BANK36             100      0       0      67        0.0%
BITBANK35          100      0       0      64        0.0%
BANK35             100      0       0      65        0.0%
BITBANK34          100      0       0      62        0.0%
BANK34             100      0       0      63        0.0%
BITBANK33          100      0       0      60        0.0%
BANK33             100      0       0      61        0.0%
BITBANK32          100      0       0      58        0.0%
BANK32             100      0       0      59        0.0%
BITBANK31          100      0       0      56        0.0%
BANK31             100      0       0      57        0.0%
BITBANK30          100      0       0      54        0.0%
BANK30             100      0       0      55        0.0%
BITBANK29          100      0       0      52        0.0%
BANK29             100      0       0      53        0.0%
BITBANK28          100      0       0      50        0.0%
BANK28             100      0       0      51        0.0%
BITBANK27          100      0       0      48        0.0%
BANK27             100      0       0      49        0.0%
BITBANK26          100      0       0      46        0.0%
BANK26             100      0       0      47        0.0%
BITBANK25          100      0       0      44        0.0%
BANK25             100      0       0      45        0.0%
BITBANK24          100      0       0      42        0.0%
BANK24             100      0       0      43        0.0%
BITBANK23          100      0       0      40        0.0%
BANK23             100      0       0      41        0.0%
BITBANK22          100      0       0      38        0.0%
BANK22             100      0       0      39        0.0%
BITBANK21          100      0       0      36        0.0%
BANK21             100      0       0      37        0.0%
BITBANK20          100      0       0      34        0.0%
BANK20             100      0       0      35        0.0%
BITBANK19          100      0       0      32        0.0%
BANK19             100      0       0      33        0.0%
BITBANK18          100      0       0      30        0.0%
BANK18             100      0       0      31        0.0%
BITBANK17          100      0       0      28        0.0%
BANK17             100      0       0      29        0.0%
BITBANK16          100      0       0      26        0.0%
BANK16             100      0       0      27        0.0%
BITBANK15          100      0       0      24        0.0%
BANK15             100      0       0      25        0.0%
BITBANK14          100      0       0      22        0.0%
BANK14             100      0       0      23        0.0%
BITBANK13          100      0       0      20        0.0%
BANK13             100      0       0      21        0.0%
BITBANK12          100      0       0      18        0.0%
BANK12             100      0       0      19        0.0%
BITBANK11          100      0       0      16        0.0%
BANK11             100      0       0      17        0.0%
BITBANK10          100      0       0      14        0.0%
BANK10             100      0       0      15        0.0%
BITBANK9           100      0       0      12        0.0%
BANK9              100      0       0      13        0.0%
BITBANK8           100      0       0      10        0.0%
BANK8              100      0       0      11        0.0%
BITBANK7           100      0       0       8        0.0%
BANK7              100      0       0       9        0.0%
BITBANK6           100      0       0       6        0.0%
BANK6              100      0     100       7      100.0%
BITBANK5            A0      0       0       4        0.0%
BANK5               A0      0       0       5        0.0%
BITCOMRAM           5F      0       0       0        0.0%
COMRAM              5F      4      13       1       20.0%
BITSFR_5             0      0       0     200        0.0%
SFR_5                0      0       0     200        0.0%
BITSFR_4             0      0       0     200        0.0%
SFR_4                0      0       0     200        0.0%
BITSFR_3             0      0       0     200        0.0%
SFR_3                0      0       0     200        0.0%
BITSFR_2             0      0       0     200        0.0%
SFR_2                0      0       0     200        0.0%
BITSFR_1             0      0       0     200        0.0%
SFR_1                0      0       0     200        0.0%
BITSFR               0      0       0     200        0.0%
SFR                  0      0       0     200        0.0%
STACK                0      0       0       2        0.0%
NULL                 0      0       0       0        0.0%
ABS                  0      0     113      69        0.0%
DATA                 0      0     113       3        0.0%
CODE                 0      0       0       0        0.0%


Microchip Technology PIC18 Macro Assembler V2.31 build 20201012212115 
Symbol Table                                                                                   Thu Mar 04 20:13:51 2021

     __size_of_SysTickSetup 0022                          l21 FE78                          l15 FE10  
                        l18 FE36                          l50 FE98                          l81 FE20  
                        l78 FE56                          u50 FEA6                          u51 FEA2  
                       l820 FE38                         l830 FE54                         l822 FE40  
                       l824 FE48                         l840 FE88                         l832 FE7A  
                       l818 FE58                         l826 FE4C                         l842 FE8C  
                       l834 FE7C                         l828 FE52                         l772 FE12  
                       l844 FEA6                         l836 FE80                         l774 FE16  
                       l838 FE84                         l768 FE22                         l776 FE1C  
                       wreg 0004E8                        _LATA 0004BE                        _main FE7A  
              _SysTickSetup FE58                        fsr1h 0004E2                        fsr1l 0004E1  
                      start FFFC              TimeXus@u16Temp 0511                ___param_bank 000000  
                _ClockSetup FE10             __end_of_TimeXus FE58                       ?_main 050F  
                     _TMR0H 000319                       _TMR0L 000318                       _TRISA 0004C6  
                     tablat 0004F5             __initialization FEB2                __end_of_main FEB2  
                    ??_main 0513               __activetblptr 000000                      _ANSELA 000400  
                    _T0CON0 00031A                      _T0CON1 00031B          __size_of_GpioSetup 0016  
                 ??_TimeXus 0511                 ?_ClockSetup 050F                      clear_0 FEF0  
              __pdataCOMRAM 0513                      tblptrh 0004F7                      tblptrl 0004F6  
                    tblptru 0004F8                  __accesstop 0560     __end_of__initialization FEF6  
             ___rparam_used 000001            _G_u8UserAppFlags 050E              __pcstackCOMRAM 050F  
              __pidataBANK6 FEFC           __end_of_GpioSetup FE38         __size_of_ClockSetup 0002  
    UserAppRun@bDirectionUp 0513                     _DAC1CON 00007F                     __Hparam 0000  
                   __Lparam 0000                     _TimeXus FE38                     __pcinit FEB2  
                   __ramtop 2600                     __ptext0 FE7A                     __ptext1 FE12  
                   __ptext2 FE38                     __ptext3 FE58                     __ptext4 FE22  
                   __ptext5 FE10        end_of_initialization FEF6            _G_u32SystemFlags 0501  
                   postdec1 0004E5                     postinc0 0004EE                ??_ClockSetup 050F  
        __end_of_ClockSetup FE12               __pidataCOMRAM FE0F                   _GpioSetup FE22  
       start_initialization FEB2               ?_SysTickSetup 050F                 __pdataBANK6 0600  
                ?_GpioSetup 050F                 __pbssCOMRAM 0501           _UserAppInitialize FE12  
        ?_UserAppInitialize 050F              ??_SysTickSetup 050F         ??_UserAppInitialize 050F  
                  ?_TimeXus 050F                    _DAC1DATL 00007D   __end_of_UserAppInitialize FE22  
         UserAppRun@u8Index 050D                    _PIR3bits 0004B1                 ??_GpioSetup 050F  
                 copy_data0 FEC6                    __Hrparam 0000                    __Lrparam 0000  
          __size_of_TimeXus 0020        __end_of_SysTickSetup FE7A                  _T0CON0bits 00031A  
__size_of_UserAppInitialize 0010               __size_of_main 0038          _G_u32SystemTime1ms 0509  
         _G_u32SystemTime1s 0505         _UserApp_au8sinTable 0600          TimeXus@u16TimeXus_ 050F  
